{"C:\\Users\\Usuario\\Proyectos\\return-app-sellers\\node\\clients\\settings.ts": {"path":"C:\\Users\\Usuario\\Proyectos\\return-app-sellers\\node\\clients\\settings.ts","statementMap":{"0":{"start":{"line":10,"column":20},"end":{"line":10,"column":44}},"1":{"start":{"line":11,"column":26},"end":{"line":11,"column":56}},"2":{"start":{"line":13,"column":32},"end":{"line":17,"column":1}},"3":{"start":{"line":21,"column":4},"end":{"line":21,"column":31}},"4":{"start":{"line":27,"column":8},"end":{"line":27,"column":11}},"5":{"start":{"line":29,"column":34},"end":{"line":32,"column":5}},"6":{"start":{"line":34,"column":4},"end":{"line":34,"column":22}}},"fnMap":{"0":{"name":"(anonymous_0)","decl":{"start":{"line":20,"column":2},"end":{"line":20,"column":3}},"loc":{"start":{"line":20,"column":61},"end":{"line":22,"column":3}},"line":20},"1":{"name":"(anonymous_1)","decl":{"start":{"line":24,"column":2},"end":{"line":24,"column":3}},"loc":{"start":{"line":24,"column":55},"end":{"line":35,"column":3}},"line":24}},"branchMap":{},"s":{"0":20,"1":20,"2":20,"3":3,"4":3,"5":3,"6":3},"f":{"0":3,"1":3},"b":{},"_coverageSchema":"43e27e138ebf9cfc5966b082cf9a028302ed4184","hash":"764e048f3bf5549af5a1da0a2b4f3a7cfc6da8d1"}
,"C:\\Users\\Usuario\\Proyectos\\return-app-sellers\\node\\middlewares\\auth.ts": {"path":"C:\\Users\\Usuario\\Proyectos\\return-app-sellers\\node\\middlewares\\auth.ts","statementMap":{"0":{"start":{"line":10,"column":6},"end":{"line":10,"column":9}},"1":{"start":{"line":12,"column":17},"end":{"line":12,"column":66}},"2":{"start":{"line":13,"column":19},"end":{"line":13,"column":70}},"3":{"start":{"line":14,"column":21},"end":{"line":14,"column":71}},"4":{"start":{"line":16,"column":2},"end":{"line":35,"column":3}},"5":{"start":{"line":17,"column":30},"end":{"line":17,"column":75}},"6":{"start":{"line":20,"column":4},"end":{"line":34,"column":5}},"7":{"start":{"line":21,"column":22},"end":{"line":21,"column":66}},"8":{"start":{"line":23,"column":31},"end":{"line":23,"column":48}},"9":{"start":{"line":25,"column":6},"end":{"line":29,"column":7}},"10":{"start":{"line":31,"column":6},"end":{"line":33,"column":7}},"11":{"start":{"line":32,"column":8},"end":{"line":32,"column":48}},"12":{"start":{"line":37,"column":2},"end":{"line":43,"column":3}},"13":{"start":{"line":39,"column":22},"end":{"line":39,"column":62}},"14":{"start":{"line":41,"column":4},"end":{"line":41,"column":25}},"15":{"start":{"line":42,"column":4},"end":{"line":42,"column":39}},"16":{"start":{"line":45,"column":47},"end":{"line":45,"column":52}},"17":{"start":{"line":48,"column":2},"end":{"line":53,"column":3}},"18":{"start":{"line":49,"column":4},"end":{"line":49,"column":20}},"19":{"start":{"line":50,"column":4},"end":{"line":52,"column":5}},"20":{"start":{"line":55,"column":2},"end":{"line":55,"column":14}}},"fnMap":{"0":{"name":"auth","decl":{"start":{"line":5,"column":22},"end":{"line":5,"column":26}},"loc":{"start":{"line":5,"column":68},"end":{"line":56,"column":1}},"line":5}},"branchMap":{"0":{"loc":{"start":{"line":16,"column":2},"end":{"line":35,"column":3}},"type":"if","locations":[{"start":{"line":16,"column":2},"end":{"line":35,"column":3}},{"start":{"line":16,"column":2},"end":{"line":35,"column":3}}],"line":16},"1":{"loc":{"start":{"line":20,"column":4},"end":{"line":34,"column":5}},"type":"if","locations":[{"start":{"line":20,"column":4},"end":{"line":34,"column":5}},{"start":{"line":20,"column":4},"end":{"line":34,"column":5}}],"line":20},"2":{"loc":{"start":{"line":28,"column":14},"end":{"line":28,"column":46}},"type":"cond-expr","locations":[{"start":{"line":28,"column":24},"end":{"line":28,"column":31}},{"start":{"line":28,"column":34},"end":{"line":28,"column":46}}],"line":28},"3":{"loc":{"start":{"line":31,"column":6},"end":{"line":33,"column":7}},"type":"if","locations":[{"start":{"line":31,"column":6},"end":{"line":33,"column":7}},{"start":{"line":31,"column":6},"end":{"line":33,"column":7}}],"line":31},"4":{"loc":{"start":{"line":37,"column":2},"end":{"line":43,"column":3}},"type":"if","locations":[{"start":{"line":37,"column":2},"end":{"line":43,"column":3}},{"start":{"line":37,"column":2},"end":{"line":43,"column":3}}],"line":37},"5":{"loc":{"start":{"line":37,"column":6},"end":{"line":37,"column":24}},"type":"binary-expr","locations":[{"start":{"line":37,"column":6},"end":{"line":37,"column":12}},{"start":{"line":37,"column":16},"end":{"line":37,"column":24}}],"line":37},"6":{"loc":{"start":{"line":48,"column":2},"end":{"line":53,"column":3}},"type":"if","locations":[{"start":{"line":48,"column":2},"end":{"line":53,"column":3}},{"start":{"line":48,"column":2},"end":{"line":53,"column":3}}],"line":48},"7":{"loc":{"start":{"line":48,"column":6},"end":{"line":48,"column":34}},"type":"binary-expr","locations":[{"start":{"line":48,"column":6},"end":{"line":48,"column":18}},{"start":{"line":48,"column":22},"end":{"line":48,"column":34}}],"line":48}},"s":{"0":2,"1":2,"2":2,"3":2,"4":2,"5":2,"6":2,"7":2,"8":2,"9":2,"10":2,"11":2,"12":2,"13":1,"14":1,"15":1,"16":2,"17":2,"18":0,"19":0,"20":2},"f":{"0":2},"b":{"0":[2,0],"1":[2,0],"2":[2,0],"3":[2,0],"4":[1,1],"5":[2,1],"6":[0,2],"7":[2,0]},"_coverageSchema":"43e27e138ebf9cfc5966b082cf9a028302ed4184","hash":"e68615749af364fe94a400db413ca8815a2d7544"}
,"C:\\Users\\Usuario\\Proyectos\\return-app-sellers\\node\\middlewares\\errorHandler.ts": {"path":"C:\\Users\\Usuario\\Proyectos\\return-app-sellers\\node\\middlewares\\errorHandler.ts","statementMap":{"0":{"start":{"line":7,"column":21},"end":{"line":7,"column":44}},"1":{"start":{"line":9,"column":4},"end":{"line":9,"column":35}},"2":{"start":{"line":10,"column":4},"end":{"line":10,"column":45}},"3":{"start":{"line":21,"column":30},"end":{"line":30,"column":1}},"4":{"start":{"line":22,"column":53},"end":{"line":27,"column":3}},"5":{"start":{"line":29,"column":2},"end":{"line":29,"column":22}},"6":{"start":{"line":37,"column":6},"end":{"line":37,"column":9}},"7":{"start":{"line":39,"column":2},"end":{"line":39,"column":42}},"8":{"start":{"line":39,"column":23},"end":{"line":39,"column":42}},"9":{"start":{"line":40,"column":2},"end":{"line":86,"column":3}},"10":{"start":{"line":41,"column":4},"end":{"line":41,"column":16}},"11":{"start":{"line":43,"column":4},"end":{"line":51,"column":6}},"12":{"start":{"line":53,"column":19},"end":{"line":53,"column":60}},"13":{"start":{"line":55,"column":4},"end":{"line":55,"column":72}},"14":{"start":{"line":56,"column":4},"end":{"line":56,"column":21}},"15":{"start":{"line":57,"column":4},"end":{"line":57,"column":41}},"16":{"start":{"line":59,"column":4},"end":{"line":59,"column":35}},"17":{"start":{"line":60,"column":4},"end":{"line":60,"column":43}},"18":{"start":{"line":60,"column":37},"end":{"line":60,"column":43}},"19":{"start":{"line":62,"column":23},"end":{"line":77,"column":6}},"20":{"start":{"line":64,"column":6},"end":{"line":64,"column":76}},"21":{"start":{"line":67,"column":43},"end":{"line":74,"column":7}},"22":{"start":{"line":76,"column":6},"end":{"line":76,"column":20}},"23":{"start":{"line":79,"column":4},"end":{"line":85,"column":5}},"24":{"start":{"line":80,"column":6},"end":{"line":84,"column":7}}},"fnMap":{"0":{"name":"(anonymous_0)","decl":{"start":{"line":6,"column":2},"end":{"line":6,"column":3}},"loc":{"start":{"line":6,"column":46},"end":{"line":11,"column":3}},"line":6},"1":{"name":"(anonymous_1)","decl":{"start":{"line":21,"column":30},"end":{"line":21,"column":31}},"loc":{"start":{"line":21,"column":75},"end":{"line":30,"column":1}},"line":21},"2":{"name":"errorHandler","decl":{"start":{"line":32,"column":22},"end":{"line":32,"column":34}},"loc":{"start":{"line":32,"column":76},"end":{"line":87,"column":1}},"line":32},"3":{"name":"(anonymous_3)","decl":{"start":{"line":62,"column":42},"end":{"line":62,"column":43}},"loc":{"start":{"line":62,"column":51},"end":{"line":77,"column":5}},"line":62}},"branchMap":{"0":{"loc":{"start":{"line":39,"column":2},"end":{"line":39,"column":42}},"type":"if","locations":[{"start":{"line":39,"column":2},"end":{"line":39,"column":42}},{"start":{"line":39,"column":2},"end":{"line":39,"column":42}}],"line":39},"1":{"loc":{"start":{"line":53,"column":19},"end":{"line":53,"column":60}},"type":"binary-expr","locations":[{"start":{"line":53,"column":19},"end":{"line":53,"column":37}},{"start":{"line":53,"column":41},"end":{"line":53,"column":53}},{"start":{"line":53,"column":57},"end":{"line":53,"column":60}}],"line":53},"2":{"loc":{"start":{"line":55,"column":17},"end":{"line":55,"column":72}},"type":"binary-expr","locations":[{"start":{"line":55,"column":17},"end":{"line":55,"column":27}},{"start":{"line":55,"column":31},"end":{"line":55,"column":51}},{"start":{"line":55,"column":55},"end":{"line":55,"column":65}},{"start":{"line":55,"column":69},"end":{"line":55,"column":72}}],"line":55},"3":{"loc":{"start":{"line":60,"column":4},"end":{"line":60,"column":43}},"type":"if","locations":[{"start":{"line":60,"column":4},"end":{"line":60,"column":43}},{"start":{"line":60,"column":4},"end":{"line":60,"column":43}}],"line":60},"4":{"loc":{"start":{"line":79,"column":4},"end":{"line":85,"column":5}},"type":"if","locations":[{"start":{"line":79,"column":4},"end":{"line":85,"column":5}},{"start":{"line":79,"column":4},"end":{"line":85,"column":5}}],"line":79}},"s":{"0":0,"1":0,"2":0,"3":10,"4":7,"5":7,"6":3,"7":3,"8":0,"9":3,"10":3,"11":3,"12":3,"13":3,"14":3,"15":3,"16":3,"17":3,"18":0,"19":3,"20":6,"21":6,"22":6,"23":3,"24":3},"f":{"0":0,"1":7,"2":3,"3":6},"b":{"0":[0,3],"1":[3,3,2],"2":[3,2,1,0],"3":[0,3],"4":[3,0]},"_coverageSchema":"43e27e138ebf9cfc5966b082cf9a028302ed4184","hash":"88abbfb72ffafd44f448ba82b94d136d3b88982b"}
,"C:\\Users\\Usuario\\Proyectos\\return-app-sellers\\node\\middlewares\\exportReturns.ts": {"path":"C:\\Users\\Usuario\\Proyectos\\return-app-sellers\\node\\middlewares\\exportReturns.ts","statementMap":{"0":{"start":{"line":6,"column":24},"end":{"line":30,"column":1}},"1":{"start":{"line":7,"column":24},"end":{"line":22,"column":5}},"2":{"start":{"line":7,"column":49},"end":{"line":22,"column":3}},"3":{"start":{"line":12,"column":29},"end":{"line":12,"column":76}},"4":{"start":{"line":24,"column":19},"end":{"line":24,"column":40}},"5":{"start":{"line":25,"column":20},"end":{"line":25,"column":59}},"6":{"start":{"line":27,"column":2},"end":{"line":27,"column":70}},"7":{"start":{"line":29,"column":2},"end":{"line":29,"column":66}},"8":{"start":{"line":36,"column":6},"end":{"line":36,"column":9}},"9":{"start":{"line":38,"column":28},"end":{"line":38,"column":62}},"10":{"start":{"line":40,"column":2},"end":{"line":42,"column":3}},"11":{"start":{"line":41,"column":4},"end":{"line":41,"column":70}},"12":{"start":{"line":44,"column":2},"end":{"line":76,"column":3}},"13":{"start":{"line":45,"column":24},"end":{"line":45,"column":53}},"14":{"start":{"line":47,"column":30},"end":{"line":47,"column":46}},"15":{"start":{"line":49,"column":4},"end":{"line":51,"column":5}},"16":{"start":{"line":50,"column":6},"end":{"line":50,"column":56}},"17":{"start":{"line":53,"column":29},"end":{"line":57,"column":6}},"18":{"start":{"line":59,"column":17},"end":{"line":59,"column":55}},"19":{"start":{"line":61,"column":4},"end":{"line":61,"column":19}},"20":{"start":{"line":62,"column":4},"end":{"line":62,"column":20}},"21":{"start":{"line":63,"column":4},"end":{"line":66,"column":5}},"22":{"start":{"line":67,"column":4},"end":{"line":72,"column":5}},"23":{"start":{"line":74,"column":4},"end":{"line":74,"column":20}},"24":{"start":{"line":75,"column":4},"end":{"line":75,"column":39}},"25":{"start":{"line":78,"column":2},"end":{"line":78,"column":38}},"26":{"start":{"line":79,"column":2},"end":{"line":79,"column":14}}},"fnMap":{"0":{"name":"(anonymous_0)","decl":{"start":{"line":6,"column":24},"end":{"line":6,"column":25}},"loc":{"start":{"line":6,"column":41},"end":{"line":30,"column":1}},"line":6},"1":{"name":"(anonymous_1)","decl":{"start":{"line":7,"column":33},"end":{"line":7,"column":34}},"loc":{"start":{"line":7,"column":49},"end":{"line":22,"column":3}},"line":7},"2":{"name":"(anonymous_2)","decl":{"start":{"line":12,"column":12},"end":{"line":12,"column":13}},"loc":{"start":{"line":12,"column":29},"end":{"line":12,"column":76}},"line":12},"3":{"name":"exportReturns","decl":{"start":{"line":32,"column":22},"end":{"line":32,"column":35}},"loc":{"start":{"line":32,"column":77},"end":{"line":80,"column":1}},"line":32}},"branchMap":{"0":{"loc":{"start":{"line":16,"column":19},"end":{"line":16,"column":41}},"type":"binary-expr","locations":[{"start":{"line":16,"column":19},"end":{"line":16,"column":35}},{"start":{"line":16,"column":39},"end":{"line":16,"column":41}}],"line":16},"1":{"loc":{"start":{"line":17,"column":13},"end":{"line":17,"column":47}},"type":"binary-expr","locations":[{"start":{"line":17,"column":13},"end":{"line":17,"column":41}},{"start":{"line":17,"column":45},"end":{"line":17,"column":47}}],"line":17},"2":{"loc":{"start":{"line":18,"column":23},"end":{"line":18,"column":53}},"type":"binary-expr","locations":[{"start":{"line":18,"column":23},"end":{"line":18,"column":47}},{"start":{"line":18,"column":51},"end":{"line":18,"column":53}}],"line":18},"3":{"loc":{"start":{"line":40,"column":2},"end":{"line":42,"column":3}},"type":"if","locations":[{"start":{"line":40,"column":2},"end":{"line":42,"column":3}},{"start":{"line":40,"column":2},"end":{"line":42,"column":3}}],"line":40},"4":{"loc":{"start":{"line":49,"column":4},"end":{"line":51,"column":5}},"type":"if","locations":[{"start":{"line":49,"column":4},"end":{"line":51,"column":5}},{"start":{"line":49,"column":4},"end":{"line":51,"column":5}}],"line":49},"5":{"loc":{"start":{"line":56,"column":8},"end":{"line":56,"column":70}},"type":"binary-expr","locations":[{"start":{"line":56,"column":8},"end":{"line":56,"column":38}},{"start":{"line":56,"column":42},"end":{"line":56,"column":70}}],"line":56}},"s":{"0":1,"1":1,"2":0,"3":0,"4":1,"5":1,"6":1,"7":1,"8":2,"9":2,"10":2,"11":1,"12":1,"13":1,"14":1,"15":1,"16":1,"17":1,"18":1,"19":1,"20":1,"21":1,"22":1,"23":0,"24":0,"25":1,"26":1},"f":{"0":1,"1":0,"2":0,"3":2},"b":{"0":[0,0],"1":[0,0],"2":[0,0],"3":[1,1],"4":[1,0],"5":[1,0]},"_coverageSchema":"43e27e138ebf9cfc5966b082cf9a028302ed4184","hash":"155509f8a5d5024fda927fa1e775655bfcc369a7"}
,"C:\\Users\\Usuario\\Proyectos\\return-app-sellers\\node\\middlewares\\invoice.ts": {"path":"C:\\Users\\Usuario\\Proyectos\\return-app-sellers\\node\\middlewares\\invoice.ts","statementMap":{"0":{"start":{"line":144,"column":6},"end":{"line":144,"column":9}},"1":{"start":{"line":146,"column":20},"end":{"line":146,"column":35}},"2":{"start":{"line":148,"column":2},"end":{"line":156,"column":4}},"3":{"start":{"line":157,"column":2},"end":{"line":157,"column":69}},"4":{"start":{"line":159,"column":2},"end":{"line":159,"column":38}},"5":{"start":{"line":160,"column":2},"end":{"line":160,"column":14}}},"fnMap":{"0":{"name":"invoice","decl":{"start":{"line":133,"column":22},"end":{"line":133,"column":29}},"loc":{"start":{"line":136,"column":16},"end":{"line":161,"column":1}},"line":136}},"branchMap":{},"s":{"0":2,"1":2,"2":2,"3":2,"4":1,"5":1},"f":{"0":2},"b":{},"_coverageSchema":"43e27e138ebf9cfc5966b082cf9a028302ed4184","hash":"9ac98abbc2fff4f6c7d3f4cca5299d1eda10ae03"}
,"C:\\Users\\Usuario\\Proyectos\\return-app-sellers\\node\\middlewares\\ping.ts": {"path":"C:\\Users\\Usuario\\Proyectos\\return-app-sellers\\node\\middlewares\\ping.ts","statementMap":{"0":{"start":{"line":5,"column":2},"end":{"line":5,"column":27}},"1":{"start":{"line":7,"column":2},"end":{"line":7,"column":48}},"2":{"start":{"line":8,"column":2},"end":{"line":8,"column":41}},"3":{"start":{"line":10,"column":2},"end":{"line":10,"column":34}},"4":{"start":{"line":12,"column":2},"end":{"line":12,"column":14}}},"fnMap":{"0":{"name":"ping","decl":{"start":{"line":1,"column":22},"end":{"line":1,"column":26}},"loc":{"start":{"line":4,"column":16},"end":{"line":13,"column":1}},"line":4}},"branchMap":{},"s":{"0":1,"1":1,"2":1,"3":1,"4":1},"f":{"0":1},"b":{},"_coverageSchema":"43e27e138ebf9cfc5966b082cf9a028302ed4184","hash":"c59d496722e6b3f79fd5b371fd0048f63100ed42"}
,"C:\\Users\\Usuario\\Proyectos\\return-app-sellers\\node\\middlewares\\updateRequestStatus.ts": {"path":"C:\\Users\\Usuario\\Proyectos\\return-app-sellers\\node\\middlewares\\updateRequestStatus.ts","statementMap":{"0":{"start":{"line":12,"column":6},"end":{"line":12,"column":9}},"1":{"start":{"line":14,"column":24},"end":{"line":14,"column":55}},"2":{"start":{"line":16,"column":15},"end":{"line":16,"column":30}},"3":{"start":{"line":18,"column":29},"end":{"line":26,"column":3}},"4":{"start":{"line":28,"column":25},"end":{"line":31,"column":3}},"5":{"start":{"line":33,"column":2},"end":{"line":33,"column":38}},"6":{"start":{"line":34,"column":2},"end":{"line":34,"column":27}},"7":{"start":{"line":35,"column":2},"end":{"line":35,"column":18}}},"fnMap":{"0":{"name":"updateRequestStatus","decl":{"start":{"line":5,"column":22},"end":{"line":5,"column":41}},"loc":{"start":{"line":5,"column":56},"end":{"line":36,"column":1}},"line":5}},"branchMap":{"0":{"loc":{"start":{"line":24,"column":10},"end":{"line":24,"column":60}},"type":"binary-expr","locations":[{"start":{"line":24,"column":10},"end":{"line":24,"column":25}},{"start":{"line":24,"column":29},"end":{"line":24,"column":60}}],"line":24}},"s":{"0":1,"1":1,"2":1,"3":1,"4":1,"5":1,"6":1,"7":1},"f":{"0":1},"b":{"0":[1,0]},"_coverageSchema":"43e27e138ebf9cfc5966b082cf9a028302ed4184","hash":"134d6cc70cc7ff1306ca93d056b834844e641c7d"}
,"C:\\Users\\Usuario\\Proyectos\\return-app-sellers\\node\\middlewares\\goodwill\\createGoodwill.ts": {"path":"C:\\Users\\Usuario\\Proyectos\\return-app-sellers\\node\\middlewares\\goodwill\\createGoodwill.ts","statementMap":{"0":{"start":{"line":139,"column":18},"end":{"line":139,"column":21}},"1":{"start":{"line":141,"column":25},"end":{"line":141,"column":40}},"2":{"start":{"line":143,"column":2},"end":{"line":151,"column":4}},"3":{"start":{"line":153,"column":2},"end":{"line":153,"column":51}},"4":{"start":{"line":155,"column":2},"end":{"line":155,"column":38}},"5":{"start":{"line":156,"column":2},"end":{"line":156,"column":14}}},"fnMap":{"0":{"name":"createGoodwill","decl":{"start":{"line":135,"column":22},"end":{"line":135,"column":36}},"loc":{"start":{"line":138,"column":16},"end":{"line":157,"column":1}},"line":138}},"branchMap":{},"s":{"0":1,"1":1,"2":1,"3":1,"4":1,"5":1},"f":{"0":1},"b":{},"_coverageSchema":"43e27e138ebf9cfc5966b082cf9a028302ed4184","hash":"164304e760116f55332d67d5c14d4d468cb5ec77"}
,"C:\\Users\\Usuario\\Proyectos\\return-app-sellers\\node\\resolvers\\ReturnRequestResponse.ts": {"path":"C:\\Users\\Usuario\\Proyectos\\return-app-sellers\\node\\resolvers\\ReturnRequestResponse.ts","statementMap":{"0":{"start":{"line":7,"column":45},"end":{"line":19,"column":1}},"1":{"start":{"line":11,"column":2},"end":{"line":16,"column":3}},"2":{"start":{"line":12,"column":4},"end":{"line":15,"column":5}},"3":{"start":{"line":18,"column":2},"end":{"line":18,"column":19}},"4":{"start":{"line":22,"column":43},"end":{"line":36,"column":1}},"5":{"start":{"line":26,"column":2},"end":{"line":35,"column":3}},"6":{"start":{"line":28,"column":6},"end":{"line":33,"column":7}},"7":{"start":{"line":31,"column":10},"end":{"line":31,"column":70}},"8":{"start":{"line":40,"column":37},"end":{"line":380,"column":1}},"9":{"start":{"line":46,"column":37},"end":{"line":46,"column":41}},"10":{"start":{"line":48,"column":4},"end":{"line":48,"column":49}},"11":{"start":{"line":48,"column":26},"end":{"line":48,"column":49}},"12":{"start":{"line":56,"column":8},"end":{"line":56,"column":11}},"13":{"start":{"line":58,"column":24},"end":{"line":58,"column":53}},"14":{"start":{"line":60,"column":30},"end":{"line":60,"column":46}},"15":{"start":{"line":61,"column":4},"end":{"line":63,"column":5}},"16":{"start":{"line":62,"column":6},"end":{"line":62,"column":56}},"17":{"start":{"line":65,"column":20},"end":{"line":71,"column":5}},"18":{"start":{"line":73,"column":6},"end":{"line":73,"column":44}},"19":{"start":{"line":75,"column":4},"end":{"line":75,"column":32}},"20":{"start":{"line":82,"column":40},"end":{"line":82,"column":44}},"21":{"start":{"line":84,"column":4},"end":{"line":84,"column":55}},"22":{"start":{"line":84,"column":29},"end":{"line":84,"column":55}},"23":{"start":{"line":92,"column":8},"end":{"line":92,"column":11}},"24":{"start":{"line":94,"column":24},"end":{"line":94,"column":53}},"25":{"start":{"line":96,"column":30},"end":{"line":96,"column":46}},"26":{"start":{"line":97,"column":4},"end":{"line":99,"column":5}},"27":{"start":{"line":98,"column":6},"end":{"line":98,"column":56}},"28":{"start":{"line":101,"column":20},"end":{"line":107,"column":5}},"29":{"start":{"line":110,"column":6},"end":{"line":110,"column":44}},"30":{"start":{"line":112,"column":4},"end":{"line":112,"column":26}},"31":{"start":{"line":119,"column":43},"end":{"line":119,"column":47}},"32":{"start":{"line":121,"column":4},"end":{"line":121,"column":72}},"33":{"start":{"line":121,"column":43},"end":{"line":121,"column":72}},"34":{"start":{"line":129,"column":8},"end":{"line":129,"column":11}},"35":{"start":{"line":131,"column":24},"end":{"line":131,"column":53}},"36":{"start":{"line":133,"column":30},"end":{"line":133,"column":46}},"37":{"start":{"line":134,"column":4},"end":{"line":136,"column":5}},"38":{"start":{"line":135,"column":6},"end":{"line":135,"column":56}},"39":{"start":{"line":138,"column":20},"end":{"line":144,"column":5}},"40":{"start":{"line":147,"column":6},"end":{"line":147,"column":44}},"41":{"start":{"line":149,"column":4},"end":{"line":149,"column":37}},"42":{"start":{"line":157,"column":37},"end":{"line":157,"column":41}},"43":{"start":{"line":159,"column":4},"end":{"line":159,"column":79}},"44":{"start":{"line":159,"column":56},"end":{"line":159,"column":79}},"45":{"start":{"line":167,"column":8},"end":{"line":167,"column":11}},"46":{"start":{"line":169,"column":24},"end":{"line":169,"column":53}},"47":{"start":{"line":171,"column":30},"end":{"line":171,"column":46}},"48":{"start":{"line":172,"column":4},"end":{"line":174,"column":5}},"49":{"start":{"line":173,"column":6},"end":{"line":173,"column":56}},"50":{"start":{"line":176,"column":20},"end":{"line":182,"column":5}},"51":{"start":{"line":184,"column":45},"end":{"line":186,"column":5}},"52":{"start":{"line":188,"column":4},"end":{"line":188,"column":21}},"53":{"start":{"line":196,"column":38},"end":{"line":196,"column":42}},"54":{"start":{"line":198,"column":4},"end":{"line":198,"column":51}},"55":{"start":{"line":198,"column":27},"end":{"line":198,"column":51}},"56":{"start":{"line":206,"column":8},"end":{"line":206,"column":11}},"57":{"start":{"line":208,"column":24},"end":{"line":208,"column":53}},"58":{"start":{"line":210,"column":30},"end":{"line":210,"column":46}},"59":{"start":{"line":211,"column":4},"end":{"line":213,"column":5}},"60":{"start":{"line":212,"column":6},"end":{"line":212,"column":56}},"61":{"start":{"line":215,"column":20},"end":{"line":221,"column":5}},"62":{"start":{"line":223,"column":46},"end":{"line":225,"column":5}},"63":{"start":{"line":227,"column":4},"end":{"line":227,"column":21}},"64":{"start":{"line":231,"column":26},"end":{"line":231,"column":30}},"65":{"start":{"line":233,"column":4},"end":{"line":233,"column":39}},"66":{"start":{"line":233,"column":27},"end":{"line":233,"column":39}},"67":{"start":{"line":241,"column":8},"end":{"line":241,"column":11}},"68":{"start":{"line":243,"column":24},"end":{"line":243,"column":53}},"69":{"start":{"line":245,"column":30},"end":{"line":245,"column":46}},"70":{"start":{"line":246,"column":4},"end":{"line":248,"column":5}},"71":{"start":{"line":247,"column":6},"end":{"line":247,"column":56}},"72":{"start":{"line":250,"column":20},"end":{"line":256,"column":5}},"73":{"start":{"line":258,"column":33},"end":{"line":258,"column":71}},"74":{"start":{"line":260,"column":4},"end":{"line":260,"column":20}},"75":{"start":{"line":264,"column":31},"end":{"line":264,"column":35}},"76":{"start":{"line":266,"column":4},"end":{"line":266,"column":37}},"77":{"start":{"line":266,"column":20},"end":{"line":266,"column":37}},"78":{"start":{"line":274,"column":8},"end":{"line":274,"column":11}},"79":{"start":{"line":276,"column":24},"end":{"line":276,"column":53}},"80":{"start":{"line":278,"column":30},"end":{"line":278,"column":46}},"81":{"start":{"line":279,"column":4},"end":{"line":281,"column":5}},"82":{"start":{"line":280,"column":6},"end":{"line":280,"column":56}},"83":{"start":{"line":283,"column":20},"end":{"line":289,"column":5}},"84":{"start":{"line":291,"column":43},"end":{"line":293,"column":5}},"85":{"start":{"line":295,"column":4},"end":{"line":295,"column":25}},"86":{"start":{"line":302,"column":37},"end":{"line":302,"column":41}},"87":{"start":{"line":311,"column":8},"end":{"line":311,"column":11}},"88":{"start":{"line":313,"column":24},"end":{"line":313,"column":53}},"89":{"start":{"line":315,"column":30},"end":{"line":315,"column":46}},"90":{"start":{"line":316,"column":4},"end":{"line":318,"column":5}},"91":{"start":{"line":317,"column":6},"end":{"line":317,"column":56}},"92":{"start":{"line":320,"column":24},"end":{"line":320,"column":63}},"93":{"start":{"line":322,"column":20},"end":{"line":328,"column":5}},"94":{"start":{"line":330,"column":55},"end":{"line":332,"column":46}},"95":{"start":{"line":334,"column":4},"end":{"line":334,"column":73}},"96":{"start":{"line":341,"column":36},"end":{"line":341,"column":40}},"97":{"start":{"line":343,"column":4},"end":{"line":343,"column":47}},"98":{"start":{"line":343,"column":25},"end":{"line":343,"column":47}},"99":{"start":{"line":351,"column":8},"end":{"line":351,"column":11}},"100":{"start":{"line":353,"column":24},"end":{"line":353,"column":53}},"101":{"start":{"line":355,"column":30},"end":{"line":355,"column":46}},"102":{"start":{"line":356,"column":4},"end":{"line":358,"column":5}},"103":{"start":{"line":357,"column":6},"end":{"line":357,"column":56}},"104":{"start":{"line":360,"column":20},"end":{"line":366,"column":5}},"105":{"start":{"line":368,"column":45},"end":{"line":370,"column":5}},"106":{"start":{"line":372,"column":4},"end":{"line":372,"column":22}},"107":{"start":{"line":376,"column":30},"end":{"line":376,"column":34}},"108":{"start":{"line":378,"column":4},"end":{"line":378,"column":24}}},"fnMap":{"0":{"name":"(anonymous_0)","decl":{"start":{"line":7,"column":45},"end":{"line":7,"column":46}},"loc":{"start":{"line":10,"column":5},"end":{"line":19,"column":1}},"line":10},"1":{"name":"(anonymous_1)","decl":{"start":{"line":22,"column":43},"end":{"line":22,"column":44}},"loc":{"start":{"line":25,"column":5},"end":{"line":36,"column":1}},"line":25},"2":{"name":"(anonymous_2)","decl":{"start":{"line":27,"column":30},"end":{"line":27,"column":31}},"loc":{"start":{"line":27,"column":46},"end":{"line":34,"column":5}},"line":27},"3":{"name":"(anonymous_3)","decl":{"start":{"line":30,"column":46},"end":{"line":30,"column":47}},"loc":{"start":{"line":30,"column":59},"end":{"line":32,"column":9}},"line":30},"4":{"name":"(anonymous_4)","decl":{"start":{"line":41,"column":20},"end":{"line":41,"column":21}},"loc":{"start":{"line":45,"column":7},"end":{"line":76,"column":3}},"line":45},"5":{"name":"(anonymous_5)","decl":{"start":{"line":77,"column":23},"end":{"line":77,"column":24}},"loc":{"start":{"line":81,"column":7},"end":{"line":113,"column":3}},"line":81},"6":{"name":"(anonymous_6)","decl":{"start":{"line":114,"column":26},"end":{"line":114,"column":27}},"loc":{"start":{"line":118,"column":7},"end":{"line":150,"column":3}},"line":118},"7":{"name":"(anonymous_7)","decl":{"start":{"line":152,"column":20},"end":{"line":152,"column":21}},"loc":{"start":{"line":156,"column":7},"end":{"line":189,"column":3}},"line":156},"8":{"name":"(anonymous_8)","decl":{"start":{"line":191,"column":21},"end":{"line":191,"column":22}},"loc":{"start":{"line":195,"column":7},"end":{"line":228,"column":3}},"line":195},"9":{"name":"(anonymous_9)","decl":{"start":{"line":230,"column":9},"end":{"line":230,"column":10}},"loc":{"start":{"line":230,"column":70},"end":{"line":261,"column":3}},"line":230},"10":{"name":"(anonymous_10)","decl":{"start":{"line":263,"column":14},"end":{"line":263,"column":15}},"loc":{"start":{"line":263,"column":75},"end":{"line":296,"column":3}},"line":263},"11":{"name":"(anonymous_11)","decl":{"start":{"line":297,"column":20},"end":{"line":297,"column":21}},"loc":{"start":{"line":301,"column":7},"end":{"line":335,"column":3}},"line":301},"12":{"name":"(anonymous_12)","decl":{"start":{"line":336,"column":19},"end":{"line":336,"column":20}},"loc":{"start":{"line":340,"column":7},"end":{"line":373,"column":3}},"line":340},"13":{"name":"(anonymous_13)","decl":{"start":{"line":375,"column":13},"end":{"line":375,"column":14}},"loc":{"start":{"line":375,"column":44},"end":{"line":379,"column":3}},"line":375}},"branchMap":{"0":{"loc":{"start":{"line":11,"column":2},"end":{"line":16,"column":3}},"type":"if","locations":[{"start":{"line":11,"column":2},"end":{"line":16,"column":3}},{"start":{"line":11,"column":2},"end":{"line":16,"column":3}}],"line":11},"1":{"loc":{"start":{"line":27,"column":4},"end":{"line":34,"column":12}},"type":"binary-expr","locations":[{"start":{"line":27,"column":4},"end":{"line":34,"column":6}},{"start":{"line":34,"column":10},"end":{"line":34,"column":12}}],"line":27},"2":{"loc":{"start":{"line":31,"column":17},"end":{"line":31,"column":70}},"type":"binary-expr","locations":[{"start":{"line":31,"column":17},"end":{"line":31,"column":40}},{"start":{"line":31,"column":44},"end":{"line":31,"column":70}}],"line":31},"3":{"loc":{"start":{"line":48,"column":4},"end":{"line":48,"column":49}},"type":"if","locations":[{"start":{"line":48,"column":4},"end":{"line":48,"column":49}},{"start":{"line":48,"column":4},"end":{"line":48,"column":49}}],"line":48},"4":{"loc":{"start":{"line":61,"column":4},"end":{"line":63,"column":5}},"type":"if","locations":[{"start":{"line":61,"column":4},"end":{"line":63,"column":5}},{"start":{"line":61,"column":4},"end":{"line":63,"column":5}}],"line":61},"5":{"loc":{"start":{"line":68,"column":8},"end":{"line":68,"column":70}},"type":"binary-expr","locations":[{"start":{"line":68,"column":8},"end":{"line":68,"column":38}},{"start":{"line":68,"column":42},"end":{"line":68,"column":70}}],"line":68},"6":{"loc":{"start":{"line":84,"column":4},"end":{"line":84,"column":55}},"type":"if","locations":[{"start":{"line":84,"column":4},"end":{"line":84,"column":55}},{"start":{"line":84,"column":4},"end":{"line":84,"column":55}}],"line":84},"7":{"loc":{"start":{"line":97,"column":4},"end":{"line":99,"column":5}},"type":"if","locations":[{"start":{"line":97,"column":4},"end":{"line":99,"column":5}},{"start":{"line":97,"column":4},"end":{"line":99,"column":5}}],"line":97},"8":{"loc":{"start":{"line":104,"column":8},"end":{"line":104,"column":70}},"type":"binary-expr","locations":[{"start":{"line":104,"column":8},"end":{"line":104,"column":38}},{"start":{"line":104,"column":42},"end":{"line":104,"column":70}}],"line":104},"9":{"loc":{"start":{"line":121,"column":4},"end":{"line":121,"column":72}},"type":"if","locations":[{"start":{"line":121,"column":4},"end":{"line":121,"column":72}},{"start":{"line":121,"column":4},"end":{"line":121,"column":72}}],"line":121},"10":{"loc":{"start":{"line":134,"column":4},"end":{"line":136,"column":5}},"type":"if","locations":[{"start":{"line":134,"column":4},"end":{"line":136,"column":5}},{"start":{"line":134,"column":4},"end":{"line":136,"column":5}}],"line":134},"11":{"loc":{"start":{"line":141,"column":8},"end":{"line":141,"column":70}},"type":"binary-expr","locations":[{"start":{"line":141,"column":8},"end":{"line":141,"column":38}},{"start":{"line":141,"column":42},"end":{"line":141,"column":70}}],"line":141},"12":{"loc":{"start":{"line":159,"column":4},"end":{"line":159,"column":79}},"type":"if","locations":[{"start":{"line":159,"column":4},"end":{"line":159,"column":79}},{"start":{"line":159,"column":4},"end":{"line":159,"column":79}}],"line":159},"13":{"loc":{"start":{"line":159,"column":8},"end":{"line":159,"column":54}},"type":"binary-expr","locations":[{"start":{"line":159,"column":8},"end":{"line":159,"column":24}},{"start":{"line":159,"column":28},"end":{"line":159,"column":54}}],"line":159},"14":{"loc":{"start":{"line":172,"column":4},"end":{"line":174,"column":5}},"type":"if","locations":[{"start":{"line":172,"column":4},"end":{"line":174,"column":5}},{"start":{"line":172,"column":4},"end":{"line":174,"column":5}}],"line":172},"15":{"loc":{"start":{"line":179,"column":8},"end":{"line":179,"column":70}},"type":"binary-expr","locations":[{"start":{"line":179,"column":8},"end":{"line":179,"column":38}},{"start":{"line":179,"column":42},"end":{"line":179,"column":70}}],"line":179},"16":{"loc":{"start":{"line":198,"column":4},"end":{"line":198,"column":51}},"type":"if","locations":[{"start":{"line":198,"column":4},"end":{"line":198,"column":51}},{"start":{"line":198,"column":4},"end":{"line":198,"column":51}}],"line":198},"17":{"loc":{"start":{"line":211,"column":4},"end":{"line":213,"column":5}},"type":"if","locations":[{"start":{"line":211,"column":4},"end":{"line":213,"column":5}},{"start":{"line":211,"column":4},"end":{"line":213,"column":5}}],"line":211},"18":{"loc":{"start":{"line":218,"column":8},"end":{"line":218,"column":70}},"type":"binary-expr","locations":[{"start":{"line":218,"column":8},"end":{"line":218,"column":38}},{"start":{"line":218,"column":42},"end":{"line":218,"column":70}}],"line":218},"19":{"loc":{"start":{"line":233,"column":4},"end":{"line":233,"column":39}},"type":"if","locations":[{"start":{"line":233,"column":4},"end":{"line":233,"column":39}},{"start":{"line":233,"column":4},"end":{"line":233,"column":39}}],"line":233},"20":{"loc":{"start":{"line":246,"column":4},"end":{"line":248,"column":5}},"type":"if","locations":[{"start":{"line":246,"column":4},"end":{"line":248,"column":5}},{"start":{"line":246,"column":4},"end":{"line":248,"column":5}}],"line":246},"21":{"loc":{"start":{"line":253,"column":8},"end":{"line":253,"column":70}},"type":"binary-expr","locations":[{"start":{"line":253,"column":8},"end":{"line":253,"column":38}},{"start":{"line":253,"column":42},"end":{"line":253,"column":70}}],"line":253},"22":{"loc":{"start":{"line":266,"column":4},"end":{"line":266,"column":37}},"type":"if","locations":[{"start":{"line":266,"column":4},"end":{"line":266,"column":37}},{"start":{"line":266,"column":4},"end":{"line":266,"column":37}}],"line":266},"23":{"loc":{"start":{"line":279,"column":4},"end":{"line":281,"column":5}},"type":"if","locations":[{"start":{"line":279,"column":4},"end":{"line":281,"column":5}},{"start":{"line":279,"column":4},"end":{"line":281,"column":5}}],"line":279},"24":{"loc":{"start":{"line":286,"column":8},"end":{"line":286,"column":70}},"type":"binary-expr","locations":[{"start":{"line":286,"column":8},"end":{"line":286,"column":38}},{"start":{"line":286,"column":42},"end":{"line":286,"column":70}}],"line":286},"25":{"loc":{"start":{"line":316,"column":4},"end":{"line":318,"column":5}},"type":"if","locations":[{"start":{"line":316,"column":4},"end":{"line":318,"column":5}},{"start":{"line":316,"column":4},"end":{"line":318,"column":5}}],"line":316},"26":{"loc":{"start":{"line":325,"column":8},"end":{"line":325,"column":70}},"type":"binary-expr","locations":[{"start":{"line":325,"column":8},"end":{"line":325,"column":38}},{"start":{"line":325,"column":42},"end":{"line":325,"column":70}}],"line":325},"27":{"loc":{"start":{"line":330,"column":55},"end":{"line":332,"column":46}},"type":"cond-expr","locations":[{"start":{"line":331,"column":8},"end":{"line":331,"column":28}},{"start":{"line":332,"column":8},"end":{"line":332,"column":46}}],"line":330},"28":{"loc":{"start":{"line":343,"column":4},"end":{"line":343,"column":47}},"type":"if","locations":[{"start":{"line":343,"column":4},"end":{"line":343,"column":47}},{"start":{"line":343,"column":4},"end":{"line":343,"column":47}}],"line":343},"29":{"loc":{"start":{"line":356,"column":4},"end":{"line":358,"column":5}},"type":"if","locations":[{"start":{"line":356,"column":4},"end":{"line":358,"column":5}},{"start":{"line":356,"column":4},"end":{"line":358,"column":5}}],"line":356},"30":{"loc":{"start":{"line":363,"column":8},"end":{"line":363,"column":70}},"type":"binary-expr","locations":[{"start":{"line":363,"column":8},"end":{"line":363,"column":38}},{"start":{"line":363,"column":42},"end":{"line":363,"column":70}}],"line":363}},"s":{"0":7,"1":10,"2":6,"3":4,"4":7,"5":11,"6":7,"7":10,"8":7,"9":6,"10":6,"11":3,"12":3,"13":3,"14":3,"15":3,"16":3,"17":3,"18":3,"19":3,"20":9,"21":9,"22":6,"23":3,"24":3,"25":3,"26":3,"27":3,"28":3,"29":3,"30":3,"31":9,"32":9,"33":6,"34":3,"35":3,"36":3,"37":3,"38":3,"39":3,"40":3,"41":3,"42":9,"43":9,"44":3,"45":6,"46":6,"47":6,"48":6,"49":6,"50":6,"51":6,"52":6,"53":9,"54":9,"55":6,"56":3,"57":3,"58":3,"59":3,"60":0,"61":3,"62":3,"63":3,"64":9,"65":9,"66":3,"67":6,"68":6,"69":6,"70":6,"71":3,"72":6,"73":6,"74":6,"75":6,"76":6,"77":0,"78":6,"79":6,"80":6,"81":6,"82":6,"83":6,"84":6,"85":6,"86":8,"87":8,"88":8,"89":8,"90":8,"91":6,"92":8,"93":8,"94":8,"95":8,"96":9,"97":9,"98":9,"99":0,"100":0,"101":0,"102":0,"103":0,"104":0,"105":0,"106":0,"107":9,"108":9},"f":{"0":10,"1":11,"2":7,"3":10,"4":6,"5":9,"6":9,"7":9,"8":9,"9":9,"10":6,"11":8,"12":9,"13":9},"b":{"0":[6,4],"1":[11,0],"2":[10,6],"3":[3,3],"4":[3,0],"5":[3,3],"6":[6,3],"7":[3,0],"8":[3,3],"9":[6,3],"10":[3,0],"11":[3,3],"12":[3,6],"13":[9,9],"14":[6,0],"15":[6,6],"16":[6,3],"17":[0,3],"18":[3,0],"19":[3,6],"20":[3,3],"21":[6,3],"22":[0,6],"23":[6,0],"24":[6,6],"25":[6,2],"26":[8,6],"27":[8,0],"28":[9,0],"29":[0,0],"30":[0,0]},"_coverageSchema":"43e27e138ebf9cfc5966b082cf9a028302ed4184","hash":"28d4810f9d38c23ce6c1a994feb8f5e4a28e2b22"}
,"C:\\Users\\Usuario\\Proyectos\\return-app-sellers\\node\\resolvers\\appSettings.ts": {"path":"C:\\Users\\Usuario\\Proyectos\\return-app-sellers\\node\\resolvers\\appSettings.ts","statementMap":{"0":{"start":{"line":14,"column":26},"end":{"line":42,"column":1}},"1":{"start":{"line":25,"column":6},"end":{"line":25,"column":9}},"2":{"start":{"line":26,"column":22},"end":{"line":26,"column":51}},"3":{"start":{"line":28,"column":28},"end":{"line":28,"column":44}},"4":{"start":{"line":29,"column":2},"end":{"line":31,"column":3}},"5":{"start":{"line":30,"column":4},"end":{"line":30,"column":54}},"6":{"start":{"line":33,"column":19},"end":{"line":37,"column":4}},"7":{"start":{"line":39,"column":2},"end":{"line":39,"column":28}},"8":{"start":{"line":39,"column":17},"end":{"line":39,"column":28}},"9":{"start":{"line":41,"column":2},"end":{"line":41,"column":17}},"10":{"start":{"line":44,"column":30},"end":{"line":97,"column":1}},"11":{"start":{"line":55,"column":6},"end":{"line":55,"column":9}},"12":{"start":{"line":57,"column":2},"end":{"line":57,"column":21}},"13":{"start":{"line":59,"column":2},"end":{"line":62,"column":3}},"14":{"start":{"line":65,"column":2},"end":{"line":65,"column":73}},"15":{"start":{"line":66,"column":19},"end":{"line":70,"column":3}},"16":{"start":{"line":72,"column":22},"end":{"line":72,"column":51}},"17":{"start":{"line":73,"column":28},"end":{"line":73,"column":44}},"18":{"start":{"line":74,"column":2},"end":{"line":76,"column":3}},"19":{"start":{"line":75,"column":4},"end":{"line":75,"column":54}},"20":{"start":{"line":79,"column":4},"end":{"line":79,"column":66}},"21":{"start":{"line":81,"column":26},"end":{"line":87,"column":3}},"22":{"start":{"line":89,"column":18},"end":{"line":93,"column":3}},"23":{"start":{"line":95,"column":2},"end":{"line":95,"column":56}},"24":{"start":{"line":96,"column":2},"end":{"line":96,"column":13}},"25":{"start":{"line":99,"column":23},"end":{"line":99,"column":44}},"26":{"start":{"line":100,"column":25},"end":{"line":100,"column":50}}},"fnMap":{"0":{"name":"(anonymous_0)","decl":{"start":{"line":14,"column":26},"end":{"line":14,"column":27}},"loc":{"start":{"line":18,"column":40},"end":{"line":42,"column":1}},"line":18},"1":{"name":"(anonymous_1)","decl":{"start":{"line":44,"column":30},"end":{"line":44,"column":31}},"loc":{"start":{"line":48,"column":5},"end":{"line":97,"column":1}},"line":48}},"branchMap":{"0":{"loc":{"start":{"line":29,"column":2},"end":{"line":31,"column":3}},"type":"if","locations":[{"start":{"line":29,"column":2},"end":{"line":31,"column":3}},{"start":{"line":29,"column":2},"end":{"line":31,"column":3}}],"line":29},"1":{"loc":{"start":{"line":35,"column":6},"end":{"line":35,"column":67}},"type":"binary-expr","locations":[{"start":{"line":35,"column":6},"end":{"line":35,"column":36}},{"start":{"line":35,"column":40},"end":{"line":35,"column":67}}],"line":35},"2":{"loc":{"start":{"line":39,"column":2},"end":{"line":39,"column":28}},"type":"if","locations":[{"start":{"line":39,"column":2},"end":{"line":39,"column":28}},{"start":{"line":39,"column":2},"end":{"line":39,"column":28}}],"line":39},"3":{"loc":{"start":{"line":74,"column":2},"end":{"line":76,"column":3}},"type":"if","locations":[{"start":{"line":74,"column":2},"end":{"line":76,"column":3}},{"start":{"line":74,"column":2},"end":{"line":76,"column":3}}],"line":74},"4":{"loc":{"start":{"line":79,"column":4},"end":{"line":79,"column":66}},"type":"binary-expr","locations":[{"start":{"line":79,"column":4},"end":{"line":79,"column":34}},{"start":{"line":79,"column":38},"end":{"line":79,"column":66}}],"line":79}},"s":{"0":1,"1":2,"2":2,"3":2,"4":2,"5":0,"6":2,"7":2,"8":1,"9":1,"10":1,"11":2,"12":2,"13":2,"14":2,"15":2,"16":2,"17":2,"18":2,"19":0,"20":2,"21":2,"22":2,"23":2,"24":2,"25":1,"26":1},"f":{"0":2,"1":2},"b":{"0":[0,2],"1":[2,0],"2":[1,1],"3":[0,2],"4":[2,0]},"_coverageSchema":"43e27e138ebf9cfc5966b082cf9a028302ed4184","hash":"9368920b65681bcf143fcf3af0c202490616be55"}
,"C:\\Users\\Usuario\\Proyectos\\return-app-sellers\\node\\resolvers\\categoryTreeName.ts": {"path":"C:\\Users\\Usuario\\Proyectos\\return-app-sellers\\node\\resolvers\\categoryTreeName.ts","statementMap":{"0":{"start":{"line":3,"column":37},"end":{"line":30,"column":1}},"1":{"start":{"line":7,"column":30},"end":{"line":7,"column":32}},"2":{"start":{"line":9,"column":2},"end":{"line":27,"column":3}},"3":{"start":{"line":10,"column":4},"end":{"line":26,"column":5}},"4":{"start":{"line":11,"column":6},"end":{"line":14,"column":8}},"5":{"start":{"line":16,"column":31},"end":{"line":18,"column":23}},"6":{"start":{"line":20,"column":20},"end":{"line":20,"column":78}},"7":{"start":{"line":22,"column":6},"end":{"line":25,"column":8}},"8":{"start":{"line":29,"column":2},"end":{"line":29,"column":28}},"9":{"start":{"line":32,"column":32},"end":{"line":44,"column":1}},"10":{"start":{"line":39,"column":6},"end":{"line":39,"column":9}},"11":{"start":{"line":41,"column":23},"end":{"line":41,"column":54}},"12":{"start":{"line":43,"column":2},"end":{"line":43,"column":44}}},"fnMap":{"0":{"name":"(anonymous_0)","decl":{"start":{"line":3,"column":37},"end":{"line":3,"column":38}},"loc":{"start":{"line":6,"column":21},"end":{"line":30,"column":1}},"line":6},"1":{"name":"(anonymous_1)","decl":{"start":{"line":32,"column":32},"end":{"line":32,"column":33}},"loc":{"start":{"line":36,"column":30},"end":{"line":44,"column":1}},"line":36}},"branchMap":{"0":{"loc":{"start":{"line":5,"column":2},"end":{"line":5,"column":17}},"type":"default-arg","locations":[{"start":{"line":5,"column":15},"end":{"line":5,"column":17}}],"line":5},"1":{"loc":{"start":{"line":10,"column":4},"end":{"line":26,"column":5}},"type":"if","locations":[{"start":{"line":10,"column":4},"end":{"line":26,"column":5}},{"start":{"line":10,"column":4},"end":{"line":26,"column":5}}],"line":10},"2":{"loc":{"start":{"line":13,"column":14},"end":{"line":13,"column":77}},"type":"cond-expr","locations":[{"start":{"line":13,"column":27},"end":{"line":13,"column":61}},{"start":{"line":13,"column":64},"end":{"line":13,"column":77}}],"line":13},"3":{"loc":{"start":{"line":16,"column":31},"end":{"line":18,"column":23}},"type":"cond-expr","locations":[{"start":{"line":17,"column":10},"end":{"line":17,"column":44}},{"start":{"line":18,"column":10},"end":{"line":18,"column":23}}],"line":16}},"s":{"0":2,"1":5,"2":5,"3":4,"4":3,"5":1,"6":1,"7":1,"8":5,"9":2,"10":2,"11":2,"12":2},"f":{"0":5,"1":2},"b":{"0":[4],"1":[3,1],"2":[1,2],"3":[0,1]},"_coverageSchema":"43e27e138ebf9cfc5966b082cf9a028302ed4184","hash":"031e1f99f1387066af49c4e18ee3a9dc1ab627a8"}
,"C:\\Users\\Usuario\\Proyectos\\return-app-sellers\\node\\resolvers\\createGoodwillRequest.ts": {"path":"C:\\Users\\Usuario\\Proyectos\\return-app-sellers\\node\\resolvers\\createGoodwillRequest.ts","statementMap":{"0":{"start":{"line":4,"column":37},"end":{"line":25,"column":1}},"1":{"start":{"line":12,"column":30},"end":{"line":12,"column":34}},"2":{"start":{"line":13,"column":2},"end":{"line":13,"column":42}},"3":{"start":{"line":13,"column":23},"end":{"line":13,"column":42}},"4":{"start":{"line":14,"column":2},"end":{"line":22,"column":4}},"5":{"start":{"line":24,"column":2},"end":{"line":24,"column":58}}},"fnMap":{"0":{"name":"(anonymous_0)","decl":{"start":{"line":4,"column":37},"end":{"line":4,"column":38}},"loc":{"start":{"line":11,"column":6},"end":{"line":25,"column":1}},"line":11}},"branchMap":{"0":{"loc":{"start":{"line":13,"column":2},"end":{"line":13,"column":42}},"type":"if","locations":[{"start":{"line":13,"column":2},"end":{"line":13,"column":42}},{"start":{"line":13,"column":2},"end":{"line":13,"column":42}}],"line":13}},"s":{"0":2,"1":1,"2":1,"3":0,"4":1,"5":1},"f":{"0":1},"b":{"0":[0,1]},"_coverageSchema":"43e27e138ebf9cfc5966b082cf9a028302ed4184","hash":"4c10c9de40e0ef9c97f0f4cc2987a27899fd5bc8"}
,"C:\\Users\\Usuario\\Proyectos\\return-app-sellers\\node\\resolvers\\createInvoiceRequest.ts": {"path":"C:\\Users\\Usuario\\Proyectos\\return-app-sellers\\node\\resolvers\\createInvoiceRequest.ts","statementMap":{"0":{"start":{"line":4,"column":36},"end":{"line":21,"column":1}},"1":{"start":{"line":9,"column":38},"end":{"line":9,"column":42}},"2":{"start":{"line":10,"column":2},"end":{"line":10,"column":42}},"3":{"start":{"line":10,"column":23},"end":{"line":10,"column":42}},"4":{"start":{"line":11,"column":2},"end":{"line":19,"column":4}},"5":{"start":{"line":20,"column":2},"end":{"line":20,"column":65}}},"fnMap":{"0":{"name":"(anonymous_0)","decl":{"start":{"line":4,"column":36},"end":{"line":4,"column":37}},"loc":{"start":{"line":8,"column":19},"end":{"line":21,"column":1}},"line":8}},"branchMap":{"0":{"loc":{"start":{"line":10,"column":2},"end":{"line":10,"column":42}},"type":"if","locations":[{"start":{"line":10,"column":2},"end":{"line":10,"column":42}},{"start":{"line":10,"column":2},"end":{"line":10,"column":42}}],"line":10}},"s":{"0":2,"1":1,"2":1,"3":0,"4":1,"5":1},"f":{"0":1},"b":{"0":[0,1]},"_coverageSchema":"43e27e138ebf9cfc5966b082cf9a028302ed4184","hash":"9ee1e46cc5b2893daddd6203201293bdcba4f491"}
,"C:\\Users\\Usuario\\Proyectos\\return-app-sellers\\node\\resolvers\\createReturnRequest.ts": {"path":"C:\\Users\\Usuario\\Proyectos\\return-app-sellers\\node\\resolvers\\createReturnRequest.ts","statementMap":{"0":{"start":{"line":5,"column":35},"end":{"line":22,"column":1}},"1":{"start":{"line":10,"column":28},"end":{"line":10,"column":32}},"2":{"start":{"line":11,"column":2},"end":{"line":11,"column":42}},"3":{"start":{"line":11,"column":23},"end":{"line":11,"column":42}},"4":{"start":{"line":12,"column":2},"end":{"line":20,"column":4}},"5":{"start":{"line":21,"column":2},"end":{"line":21,"column":55}}},"fnMap":{"0":{"name":"(anonymous_0)","decl":{"start":{"line":5,"column":35},"end":{"line":5,"column":36}},"loc":{"start":{"line":9,"column":5},"end":{"line":22,"column":1}},"line":9}},"branchMap":{"0":{"loc":{"start":{"line":11,"column":2},"end":{"line":11,"column":42}},"type":"if","locations":[{"start":{"line":11,"column":2},"end":{"line":11,"column":42}},{"start":{"line":11,"column":2},"end":{"line":11,"column":42}}],"line":11}},"s":{"0":2,"1":1,"2":1,"3":0,"4":1,"5":1},"f":{"0":1},"b":{"0":[0,1]},"_coverageSchema":"43e27e138ebf9cfc5966b082cf9a028302ed4184","hash":"6c0d496b0ff7aa3a0f9fc41b453460eb2a971af5"}
,"C:\\Users\\Usuario\\Proyectos\\return-app-sellers\\node\\resolvers\\index.ts": {"path":"C:\\Users\\Usuario\\Proyectos\\return-app-sellers\\node\\resolvers\\index.ts","statementMap":{"0":{"start":{"line":19,"column":25},"end":{"line":25,"column":1}},"1":{"start":{"line":27,"column":23},"end":{"line":37,"column":1}},"2":{"start":{"line":39,"column":25},"end":{"line":39,"column":50}}},"fnMap":{},"branchMap":{},"s":{"0":1,"1":1,"2":1},"f":{},"b":{},"_coverageSchema":"43e27e138ebf9cfc5966b082cf9a028302ed4184","hash":"ebe03938620ffe357ec7c80592c9c1b8ce40d124"}
,"C:\\Users\\Usuario\\Proyectos\\return-app-sellers\\node\\resolvers\\nearestPickupPoints.ts": {"path":"C:\\Users\\Usuario\\Proyectos\\return-app-sellers\\node\\resolvers\\nearestPickupPoints.ts","statementMap":{"0":{"start":{"line":3,"column":35},"end":{"line":18,"column":1}},"1":{"start":{"line":10,"column":6},"end":{"line":10,"column":9}},"2":{"start":{"line":12,"column":34},"end":{"line":15,"column":3}},"3":{"start":{"line":17,"column":2},"end":{"line":17,"column":32}}},"fnMap":{"0":{"name":"(anonymous_0)","decl":{"start":{"line":3,"column":35},"end":{"line":3,"column":36}},"loc":{"start":{"line":7,"column":44},"end":{"line":18,"column":1}},"line":7}},"branchMap":{},"s":{"0":2,"1":1,"2":1,"3":1},"f":{"0":1},"b":{},"_coverageSchema":"43e27e138ebf9cfc5966b082cf9a028302ed4184","hash":"3766c09853d061a1185f8e8e5f6260f1b630a58d"}
,"C:\\Users\\Usuario\\Proyectos\\return-app-sellers\\node\\resolvers\\orderSummary.ts": {"path":"C:\\Users\\Usuario\\Proyectos\\return-app-sellers\\node\\resolvers\\orderSummary.ts","statementMap":{"0":{"start":{"line":8,"column":28},"end":{"line":41,"column":1}},"1":{"start":{"line":13,"column":22},"end":{"line":13,"column":26}},"2":{"start":{"line":16,"column":6},"end":{"line":16,"column":9}},"3":{"start":{"line":18,"column":22},"end":{"line":18,"column":51}},"4":{"start":{"line":20,"column":28},"end":{"line":20,"column":44}},"5":{"start":{"line":22,"column":2},"end":{"line":24,"column":3}},"6":{"start":{"line":23,"column":4},"end":{"line":23,"column":54}},"7":{"start":{"line":26,"column":19},"end":{"line":30,"column":4}},"8":{"start":{"line":32,"column":2},"end":{"line":34,"column":3}},"9":{"start":{"line":33,"column":4},"end":{"line":33,"column":73}},"10":{"start":{"line":37,"column":2},"end":{"line":39,"column":3}},"11":{"start":{"line":38,"column":4},"end":{"line":38,"column":51}},"12":{"start":{"line":40,"column":2},"end":{"line":40,"column":40}}},"fnMap":{"0":{"name":"(anonymous_0)","decl":{"start":{"line":8,"column":28},"end":{"line":8,"column":29}},"loc":{"start":{"line":12,"column":28},"end":{"line":41,"column":1}},"line":12}},"branchMap":{"0":{"loc":{"start":{"line":22,"column":2},"end":{"line":24,"column":3}},"type":"if","locations":[{"start":{"line":22,"column":2},"end":{"line":24,"column":3}},{"start":{"line":22,"column":2},"end":{"line":24,"column":3}}],"line":22},"1":{"loc":{"start":{"line":28,"column":6},"end":{"line":28,"column":67}},"type":"binary-expr","locations":[{"start":{"line":28,"column":6},"end":{"line":28,"column":36}},{"start":{"line":28,"column":40},"end":{"line":28,"column":67}}],"line":28},"2":{"loc":{"start":{"line":32,"column":2},"end":{"line":34,"column":3}},"type":"if","locations":[{"start":{"line":32,"column":2},"end":{"line":34,"column":3}},{"start":{"line":32,"column":2},"end":{"line":34,"column":3}}],"line":32},"3":{"loc":{"start":{"line":37,"column":2},"end":{"line":39,"column":3}},"type":"if","locations":[{"start":{"line":37,"column":2},"end":{"line":39,"column":3}},{"start":{"line":37,"column":2},"end":{"line":39,"column":3}}],"line":37}},"s":{"0":6,"1":25,"2":25,"3":25,"4":25,"5":25,"6":25,"7":25,"8":25,"9":10,"10":15,"11":10,"12":5},"f":{"0":25},"b":{"0":[25,0],"1":[25,25],"2":[10,15],"3":[10,5]},"_coverageSchema":"43e27e138ebf9cfc5966b082cf9a028302ed4184","hash":"c34cb9d41c9831fc33822276f14446a69d243d62"}
,"C:\\Users\\Usuario\\Proyectos\\return-app-sellers\\node\\resolvers\\orderToReturnSummary.ts": {"path":"C:\\Users\\Usuario\\Proyectos\\return-app-sellers\\node\\resolvers\\orderToReturnSummary.ts","statementMap":{"0":{"start":{"line":11,"column":36},"end":{"line":99,"column":1}},"1":{"start":{"line":16,"column":38},"end":{"line":16,"column":42}},"2":{"start":{"line":29,"column":6},"end":{"line":29,"column":9}},"3":{"start":{"line":31,"column":22},"end":{"line":31,"column":51}},"4":{"start":{"line":32,"column":20},"end":{"line":34,"column":44}},"5":{"start":{"line":37,"column":4},"end":{"line":37,"column":65}},"6":{"start":{"line":38,"column":19},"end":{"line":41,"column":4}},"7":{"start":{"line":43,"column":2},"end":{"line":45,"column":3}},"8":{"start":{"line":44,"column":4},"end":{"line":44,"column":73}},"9":{"start":{"line":47,"column":2},"end":{"line":49,"column":3}},"10":{"start":{"line":48,"column":4},"end":{"line":48,"column":51}},"11":{"start":{"line":51,"column":16},"end":{"line":51,"column":40}},"12":{"start":{"line":52,"column":54},"end":{"line":52,"column":59}},"13":{"start":{"line":54,"column":2},"end":{"line":58,"column":4}},"14":{"start":{"line":59,"column":2},"end":{"line":64,"column":4}},"15":{"start":{"line":66,"column":2},"end":{"line":68,"column":3}},"16":{"start":{"line":67,"column":4},"end":{"line":67,"column":76}},"17":{"start":{"line":70,"column":24},"end":{"line":80,"column":3}},"18":{"start":{"line":82,"column":2},"end":{"line":98,"column":3}},"19":{"start":{"line":101,"column":25},"end":{"line":157,"column":1}},"20":{"start":{"line":110,"column":6},"end":{"line":110,"column":9}},"21":{"start":{"line":112,"column":43},"end":{"line":117,"column":3}},"22":{"start":{"line":119,"column":2},"end":{"line":144,"column":3}},"23":{"start":{"line":120,"column":27},"end":{"line":120,"column":52}},"24":{"start":{"line":121,"column":4},"end":{"line":127,"column":5}},"25":{"start":{"line":129,"column":21},"end":{"line":133,"column":5}},"26":{"start":{"line":134,"column":4},"end":{"line":143,"column":5}},"27":{"start":{"line":135,"column":29},"end":{"line":135,"column":40}},"28":{"start":{"line":136,"column":6},"end":{"line":142,"column":7}},"29":{"start":{"line":146,"column":2},"end":{"line":156,"column":3}},"30":{"start":{"line":147,"column":20},"end":{"line":147,"column":45}},"31":{"start":{"line":148,"column":4},"end":{"line":155,"column":5}},"32":{"start":{"line":159,"column":24},"end":{"line":177,"column":1}},"33":{"start":{"line":165,"column":24},"end":{"line":169,"column":3}},"34":{"start":{"line":170,"column":24},"end":{"line":174,"column":3}},"35":{"start":{"line":176,"column":2},"end":{"line":176,"column":41}}},"fnMap":{"0":{"name":"(anonymous_0)","decl":{"start":{"line":11,"column":36},"end":{"line":11,"column":37}},"loc":{"start":{"line":15,"column":36},"end":{"line":99,"column":1}},"line":15},"1":{"name":"(anonymous_1)","decl":{"start":{"line":101,"column":25},"end":{"line":101,"column":26}},"loc":{"start":{"line":106,"column":5},"end":{"line":157,"column":1}},"line":106},"2":{"name":"(anonymous_2)","decl":{"start":{"line":159,"column":24},"end":{"line":159,"column":25}},"loc":{"start":{"line":164,"column":5},"end":{"line":177,"column":1}},"line":164}},"branchMap":{"0":{"loc":{"start":{"line":32,"column":20},"end":{"line":34,"column":44}},"type":"cond-expr","locations":[{"start":{"line":33,"column":6},"end":{"line":33,"column":22}},{"start":{"line":34,"column":6},"end":{"line":34,"column":44}}],"line":32},"1":{"loc":{"start":{"line":37,"column":4},"end":{"line":37,"column":65}},"type":"binary-expr","locations":[{"start":{"line":37,"column":4},"end":{"line":37,"column":34}},{"start":{"line":37,"column":38},"end":{"line":37,"column":65}}],"line":37},"2":{"loc":{"start":{"line":43,"column":2},"end":{"line":45,"column":3}},"type":"if","locations":[{"start":{"line":43,"column":2},"end":{"line":45,"column":3}},{"start":{"line":43,"column":2},"end":{"line":45,"column":3}}],"line":43},"3":{"loc":{"start":{"line":47,"column":2},"end":{"line":49,"column":3}},"type":"if","locations":[{"start":{"line":47,"column":2},"end":{"line":49,"column":3}},{"start":{"line":47,"column":2},"end":{"line":49,"column":3}}],"line":47},"4":{"loc":{"start":{"line":66,"column":2},"end":{"line":68,"column":3}},"type":"if","locations":[{"start":{"line":66,"column":2},"end":{"line":68,"column":3}},{"start":{"line":66,"column":2},"end":{"line":68,"column":3}}],"line":66},"5":{"loc":{"start":{"line":75,"column":18},"end":{"line":75,"column":60}},"type":"binary-expr","locations":[{"start":{"line":75,"column":18},"end":{"line":75,"column":32}},{"start":{"line":75,"column":36},"end":{"line":75,"column":60}}],"line":75},"6":{"loc":{"start":{"line":85,"column":4},"end":{"line":91,"column":9}},"type":"cond-expr","locations":[{"start":{"line":86,"column":8},"end":{"line":86,"column":49}},{"start":{"line":87,"column":8},"end":{"line":91,"column":9}}],"line":85},"7":{"loc":{"start":{"line":119,"column":2},"end":{"line":144,"column":3}},"type":"if","locations":[{"start":{"line":119,"column":2},"end":{"line":144,"column":3}},{"start":{"line":119,"column":2},"end":{"line":144,"column":3}}],"line":119},"8":{"loc":{"start":{"line":134,"column":4},"end":{"line":143,"column":5}},"type":"if","locations":[{"start":{"line":134,"column":4},"end":{"line":143,"column":5}},{"start":{"line":134,"column":4},"end":{"line":143,"column":5}}],"line":134},"9":{"loc":{"start":{"line":146,"column":2},"end":{"line":156,"column":3}},"type":"if","locations":[{"start":{"line":146,"column":2},"end":{"line":156,"column":3}},{"start":{"line":146,"column":2},"end":{"line":156,"column":3}}],"line":146}},"s":{"0":5,"1":20,"2":20,"3":20,"4":20,"5":20,"6":20,"7":20,"8":8,"9":12,"10":8,"11":4,"12":4,"13":4,"14":4,"15":4,"16":4,"17":4,"18":4,"19":5,"20":4,"21":4,"22":4,"23":0,"24":0,"25":4,"26":4,"27":4,"28":4,"29":4,"30":0,"31":0,"32":5,"33":4,"34":4,"35":4},"f":{"0":20,"1":4,"2":4},"b":{"0":[0,20],"1":[20,20],"2":[8,12],"3":[8,4],"4":[4,0],"5":[4,4],"6":[0,4],"7":[0,4],"8":[4,0],"9":[0,4]},"_coverageSchema":"43e27e138ebf9cfc5966b082cf9a028302ed4184","hash":"76b78223d62ff7fbae9bd767f886715d8f8c865d"}
,"C:\\Users\\Usuario\\Proyectos\\return-app-sellers\\node\\resolvers\\ordersAvailableToGoodwill.ts": {"path":"C:\\Users\\Usuario\\Proyectos\\return-app-sellers\\node\\resolvers\\ordersAvailableToGoodwill.ts","statementMap":{"0":{"start":{"line":9,"column":19},"end":{"line":9,"column":28}},"1":{"start":{"line":12,"column":2},"end":{"line":16,"column":4}},"2":{"start":{"line":13,"column":4},"end":{"line":15,"column":35}},"3":{"start":{"line":14,"column":6},"end":{"line":14,"column":21}},"4":{"start":{"line":19,"column":21},"end":{"line":72,"column":1}},"5":{"start":{"line":36,"column":22},"end":{"line":36,"column":38}},"6":{"start":{"line":37,"column":21},"end":{"line":40,"column":24}},"7":{"start":{"line":41,"column":22},"end":{"line":41,"column":24}},"8":{"start":{"line":42,"column":2},"end":{"line":48,"column":3}},"9":{"start":{"line":43,"column":35},"end":{"line":43,"column":41}},"10":{"start":{"line":44,"column":4},"end":{"line":44,"column":27}},"11":{"start":{"line":45,"column":4},"end":{"line":47,"column":20}},"12":{"start":{"line":50,"column":2},"end":{"line":59,"column":3}},"13":{"start":{"line":51,"column":4},"end":{"line":58,"column":5}},"14":{"start":{"line":61,"column":2},"end":{"line":71,"column":3}},"15":{"start":{"line":74,"column":41},"end":{"line":158,"column":1}},"16":{"start":{"line":88,"column":6},"end":{"line":88,"column":9}},"17":{"start":{"line":90,"column":43},"end":{"line":90,"column":47}},"18":{"start":{"line":92,"column":22},"end":{"line":92,"column":51}},"19":{"start":{"line":94,"column":28},"end":{"line":94,"column":44}},"20":{"start":{"line":96,"column":2},"end":{"line":98,"column":3}},"21":{"start":{"line":97,"column":4},"end":{"line":97,"column":54}},"22":{"start":{"line":100,"column":19},"end":{"line":104,"column":4}},"23":{"start":{"line":106,"column":2},"end":{"line":108,"column":3}},"24":{"start":{"line":107,"column":4},"end":{"line":107,"column":68}},"25":{"start":{"line":110,"column":58},"end":{"line":110,"column":66}},"26":{"start":{"line":112,"column":20},"end":{"line":112,"column":37}},"27":{"start":{"line":114,"column":20},"end":{"line":114,"column":43}},"28":{"start":{"line":116,"column":2},"end":{"line":118,"column":3}},"29":{"start":{"line":117,"column":4},"end":{"line":117,"column":54}},"30":{"start":{"line":121,"column":27},"end":{"line":123,"column":3}},"31":{"start":{"line":125,"column":28},"end":{"line":125,"column":30}},"32":{"start":{"line":127,"column":2},"end":{"line":142,"column":3}},"33":{"start":{"line":129,"column":20},"end":{"line":129,"column":33}},"34":{"start":{"line":130,"column":25},"end":{"line":130,"column":50}},"35":{"start":{"line":131,"column":32},"end":{"line":137,"column":5}},"36":{"start":{"line":138,"column":4},"end":{"line":138,"column":47}},"37":{"start":{"line":141,"column":4},"end":{"line":141,"column":21}},"38":{"start":{"line":143,"column":17},"end":{"line":143,"column":53}},"39":{"start":{"line":144,"column":18},"end":{"line":148,"column":3}},"40":{"start":{"line":149,"column":19},"end":{"line":149,"column":56}},"41":{"start":{"line":151,"column":2},"end":{"line":157,"column":3}}},"fnMap":{"0":{"name":"pacer","decl":{"start":{"line":11,"column":9},"end":{"line":11,"column":14}},"loc":{"start":{"line":11,"column":39},"end":{"line":17,"column":1}},"line":11},"1":{"name":"(anonymous_1)","decl":{"start":{"line":12,"column":21},"end":{"line":12,"column":22}},"loc":{"start":{"line":12,"column":34},"end":{"line":16,"column":3}},"line":12},"2":{"name":"(anonymous_2)","decl":{"start":{"line":13,"column":15},"end":{"line":13,"column":16}},"loc":{"start":{"line":13,"column":21},"end":{"line":15,"column":5}},"line":13},"3":{"name":"(anonymous_3)","decl":{"start":{"line":19,"column":21},"end":{"line":19,"column":22}},"loc":{"start":{"line":35,"column":6},"end":{"line":72,"column":1}},"line":35},"4":{"name":"(anonymous_4)","decl":{"start":{"line":74,"column":41},"end":{"line":74,"column":42}},"loc":{"start":{"line":78,"column":36},"end":{"line":158,"column":1}},"line":78}},"branchMap":{"0":{"loc":{"start":{"line":21,"column":2},"end":{"line":21,"column":10}},"type":"default-arg","locations":[{"start":{"line":21,"column":9},"end":{"line":21,"column":10}}],"line":21},"1":{"loc":{"start":{"line":24,"column":2},"end":{"line":24,"column":32}},"type":"default-arg","locations":[{"start":{"line":24,"column":16},"end":{"line":24,"column":32}}],"line":24},"2":{"loc":{"start":{"line":39,"column":4},"end":{"line":39,"column":16}},"type":"binary-expr","locations":[{"start":{"line":39,"column":4},"end":{"line":39,"column":11}},{"start":{"line":39,"column":15},"end":{"line":39,"column":16}}],"line":39},"3":{"loc":{"start":{"line":42,"column":2},"end":{"line":48,"column":3}},"type":"if","locations":[{"start":{"line":42,"column":2},"end":{"line":48,"column":3}},{"start":{"line":42,"column":2},"end":{"line":48,"column":3}}],"line":42},"4":{"loc":{"start":{"line":45,"column":19},"end":{"line":47,"column":20}},"type":"cond-expr","locations":[{"start":{"line":46,"column":8},"end":{"line":46,"column":61}},{"start":{"line":47,"column":8},"end":{"line":47,"column":20}}],"line":45},"5":{"loc":{"start":{"line":50,"column":2},"end":{"line":59,"column":3}},"type":"if","locations":[{"start":{"line":50,"column":2},"end":{"line":59,"column":3}},{"start":{"line":50,"column":2},"end":{"line":59,"column":3}}],"line":50},"6":{"loc":{"start":{"line":63,"column":14},"end":{"line":65,"column":54}},"type":"cond-expr","locations":[{"start":{"line":64,"column":8},"end":{"line":64,"column":23}},{"start":{"line":65,"column":8},"end":{"line":65,"column":54}}],"line":63},"7":{"loc":{"start":{"line":96,"column":2},"end":{"line":98,"column":3}},"type":"if","locations":[{"start":{"line":96,"column":2},"end":{"line":98,"column":3}},{"start":{"line":96,"column":2},"end":{"line":98,"column":3}}],"line":96},"8":{"loc":{"start":{"line":102,"column":6},"end":{"line":102,"column":67}},"type":"binary-expr","locations":[{"start":{"line":102,"column":6},"end":{"line":102,"column":36}},{"start":{"line":102,"column":40},"end":{"line":102,"column":67}}],"line":102},"9":{"loc":{"start":{"line":106,"column":2},"end":{"line":108,"column":3}},"type":"if","locations":[{"start":{"line":106,"column":2},"end":{"line":108,"column":3}},{"start":{"line":106,"column":2},"end":{"line":108,"column":3}}],"line":106},"10":{"loc":{"start":{"line":112,"column":20},"end":{"line":112,"column":37}},"type":"binary-expr","locations":[{"start":{"line":112,"column":20},"end":{"line":112,"column":31}},{"start":{"line":112,"column":35},"end":{"line":112,"column":37}}],"line":112},"11":{"loc":{"start":{"line":114,"column":20},"end":{"line":114,"column":43}},"type":"binary-expr","locations":[{"start":{"line":114,"column":20},"end":{"line":114,"column":34}},{"start":{"line":114,"column":38},"end":{"line":114,"column":43}}],"line":114},"12":{"loc":{"start":{"line":116,"column":2},"end":{"line":118,"column":3}},"type":"if","locations":[{"start":{"line":116,"column":2},"end":{"line":118,"column":3}},{"start":{"line":116,"column":2},"end":{"line":118,"column":3}}],"line":116},"13":{"loc":{"start":{"line":146,"column":6},"end":{"line":146,"column":68}},"type":"binary-expr","locations":[{"start":{"line":146,"column":6},"end":{"line":146,"column":36}},{"start":{"line":146,"column":40},"end":{"line":146,"column":68}}],"line":146},"14":{"loc":{"start":{"line":155,"column":15},"end":{"line":155,"column":34}},"type":"binary-expr","locations":[{"start":{"line":155,"column":15},"end":{"line":155,"column":29}},{"start":{"line":155,"column":33},"end":{"line":155,"column":34}}],"line":155}},"s":{"0":2,"1":1,"2":1,"3":1,"4":2,"5":1,"6":1,"7":1,"8":1,"9":1,"10":1,"11":1,"12":1,"13":0,"14":1,"15":2,"16":2,"17":2,"18":2,"19":2,"20":2,"21":2,"22":2,"23":2,"24":1,"25":1,"26":1,"27":1,"28":1,"29":0,"30":1,"31":1,"32":1,"33":1,"34":1,"35":1,"36":1,"37":1,"38":1,"39":1,"40":1,"41":1},"f":{"0":1,"1":1,"2":1,"3":1,"4":2},"b":{"0":[0],"1":[1],"2":[1,1],"3":[1,0],"4":[0,1],"5":[0,1],"6":[0,1],"7":[2,0],"8":[2,2],"9":[1,1],"10":[1,0],"11":[1,1],"12":[0,1],"13":[1,1],"14":[1,0]},"_coverageSchema":"43e27e138ebf9cfc5966b082cf9a028302ed4184","hash":"583abc1329a39bc405b2ff87244c357ab90959af"}
,"C:\\Users\\Usuario\\Proyectos\\return-app-sellers\\node\\resolvers\\ordersAvailableToReturn.ts": {"path":"C:\\Users\\Usuario\\Proyectos\\return-app-sellers\\node\\resolvers\\ordersAvailableToReturn.ts","statementMap":{"0":{"start":{"line":12,"column":19},"end":{"line":12,"column":28}},"1":{"start":{"line":15,"column":2},"end":{"line":19,"column":4}},"2":{"start":{"line":16,"column":4},"end":{"line":18,"column":35}},"3":{"start":{"line":17,"column":6},"end":{"line":17,"column":15}},"4":{"start":{"line":39,"column":14},"end":{"line":39,"column":16}},"5":{"start":{"line":40,"column":22},"end":{"line":40,"column":38}},"6":{"start":{"line":41,"column":23},"end":{"line":44,"column":24}},"7":{"start":{"line":46,"column":2},"end":{"line":70,"column":3}},"8":{"start":{"line":47,"column":35},"end":{"line":47,"column":41}},"9":{"start":{"line":48,"column":4},"end":{"line":48,"column":25}},"10":{"start":{"line":49,"column":4},"end":{"line":69,"column":9}},"11":{"start":{"line":72,"column":2},"end":{"line":82,"column":3}},"12":{"start":{"line":85,"column":39},"end":{"line":174,"column":1}},"13":{"start":{"line":101,"column":6},"end":{"line":101,"column":9}},"14":{"start":{"line":103,"column":43},"end":{"line":103,"column":47}},"15":{"start":{"line":105,"column":22},"end":{"line":105,"column":51}},"16":{"start":{"line":106,"column":28},"end":{"line":106,"column":44}},"17":{"start":{"line":108,"column":2},"end":{"line":110,"column":3}},"18":{"start":{"line":109,"column":4},"end":{"line":109,"column":54}},"19":{"start":{"line":112,"column":19},"end":{"line":116,"column":4}},"20":{"start":{"line":118,"column":2},"end":{"line":120,"column":3}},"21":{"start":{"line":119,"column":4},"end":{"line":119,"column":68}},"22":{"start":{"line":123,"column":4},"end":{"line":123,"column":12}},"23":{"start":{"line":125,"column":20},"end":{"line":125,"column":37}},"24":{"start":{"line":126,"column":20},"end":{"line":126,"column":43}},"25":{"start":{"line":128,"column":2},"end":{"line":130,"column":3}},"26":{"start":{"line":129,"column":4},"end":{"line":129,"column":54}},"27":{"start":{"line":133,"column":27},"end":{"line":135,"column":3}},"28":{"start":{"line":137,"column":44},"end":{"line":140,"column":4}},"29":{"start":{"line":138,"column":4},"end":{"line":138,"column":21}},"30":{"start":{"line":139,"column":4},"end":{"line":139,"column":35}},"31":{"start":{"line":142,"column":17},"end":{"line":142,"column":53}},"32":{"start":{"line":144,"column":64},"end":{"line":163,"column":3}},"33":{"start":{"line":146,"column":6},"end":{"line":162,"column":7}},"34":{"start":{"line":165,"column":20},"end":{"line":165,"column":59}},"35":{"start":{"line":167,"column":2},"end":{"line":173,"column":3}}},"fnMap":{"0":{"name":"pacer","decl":{"start":{"line":14,"column":15},"end":{"line":14,"column":20}},"loc":{"start":{"line":14,"column":45},"end":{"line":20,"column":1}},"line":14},"1":{"name":"(anonymous_1)","decl":{"start":{"line":15,"column":27},"end":{"line":15,"column":28}},"loc":{"start":{"line":15,"column":40},"end":{"line":19,"column":3}},"line":15},"2":{"name":"(anonymous_2)","decl":{"start":{"line":16,"column":15},"end":{"line":16,"column":16}},"loc":{"start":{"line":16,"column":21},"end":{"line":18,"column":5}},"line":16},"3":{"name":"createParams","decl":{"start":{"line":22,"column":9},"end":{"line":22,"column":21}},"loc":{"start":{"line":38,"column":3},"end":{"line":83,"column":1}},"line":38},"4":{"name":"(anonymous_4)","decl":{"start":{"line":85,"column":39},"end":{"line":85,"column":40}},"loc":{"start":{"line":89,"column":34},"end":{"line":174,"column":1}},"line":89},"5":{"name":"(anonymous_5)","decl":{"start":{"line":137,"column":53},"end":{"line":137,"column":54}},"loc":{"start":{"line":137,"column":70},"end":{"line":140,"column":3}},"line":137},"6":{"name":"(anonymous_6)","decl":{"start":{"line":145,"column":4},"end":{"line":145,"column":5}},"loc":{"start":{"line":146,"column":6},"end":{"line":162,"column":7}},"line":146}},"branchMap":{"0":{"loc":{"start":{"line":24,"column":2},"end":{"line":24,"column":10}},"type":"default-arg","locations":[{"start":{"line":24,"column":9},"end":{"line":24,"column":10}}],"line":24},"1":{"loc":{"start":{"line":27,"column":2},"end":{"line":27,"column":32}},"type":"default-arg","locations":[{"start":{"line":27,"column":16},"end":{"line":27,"column":32}}],"line":27},"2":{"loc":{"start":{"line":43,"column":4},"end":{"line":43,"column":16}},"type":"binary-expr","locations":[{"start":{"line":43,"column":4},"end":{"line":43,"column":11}},{"start":{"line":43,"column":15},"end":{"line":43,"column":16}}],"line":43},"3":{"loc":{"start":{"line":46,"column":2},"end":{"line":70,"column":3}},"type":"if","locations":[{"start":{"line":46,"column":2},"end":{"line":70,"column":3}},{"start":{"line":46,"column":2},"end":{"line":70,"column":3}}],"line":46},"4":{"loc":{"start":{"line":48,"column":12},"end":{"line":48,"column":25}},"type":"binary-expr","locations":[{"start":{"line":48,"column":12},"end":{"line":48,"column":19}},{"start":{"line":48,"column":23},"end":{"line":48,"column":25}}],"line":48},"5":{"loc":{"start":{"line":49,"column":11},"end":{"line":69,"column":9}},"type":"cond-expr","locations":[{"start":{"line":50,"column":8},"end":{"line":59,"column":9}},{"start":{"line":60,"column":8},"end":{"line":69,"column":9}}],"line":49},"6":{"loc":{"start":{"line":52,"column":20},"end":{"line":54,"column":60}},"type":"cond-expr","locations":[{"start":{"line":53,"column":14},"end":{"line":53,"column":29}},{"start":{"line":54,"column":14},"end":{"line":54,"column":60}}],"line":52},"7":{"loc":{"start":{"line":62,"column":20},"end":{"line":64,"column":60}},"type":"cond-expr","locations":[{"start":{"line":63,"column":14},"end":{"line":63,"column":29}},{"start":{"line":64,"column":14},"end":{"line":64,"column":60}}],"line":62},"8":{"loc":{"start":{"line":74,"column":14},"end":{"line":76,"column":54}},"type":"cond-expr","locations":[{"start":{"line":75,"column":8},"end":{"line":75,"column":23}},{"start":{"line":76,"column":8},"end":{"line":76,"column":54}}],"line":74},"9":{"loc":{"start":{"line":108,"column":2},"end":{"line":110,"column":3}},"type":"if","locations":[{"start":{"line":108,"column":2},"end":{"line":110,"column":3}},{"start":{"line":108,"column":2},"end":{"line":110,"column":3}}],"line":108},"10":{"loc":{"start":{"line":114,"column":6},"end":{"line":114,"column":67}},"type":"binary-expr","locations":[{"start":{"line":114,"column":6},"end":{"line":114,"column":36}},{"start":{"line":114,"column":40},"end":{"line":114,"column":67}}],"line":114},"11":{"loc":{"start":{"line":118,"column":2},"end":{"line":120,"column":3}},"type":"if","locations":[{"start":{"line":118,"column":2},"end":{"line":120,"column":3}},{"start":{"line":118,"column":2},"end":{"line":120,"column":3}}],"line":118},"12":{"loc":{"start":{"line":125,"column":20},"end":{"line":125,"column":37}},"type":"binary-expr","locations":[{"start":{"line":125,"column":20},"end":{"line":125,"column":31}},{"start":{"line":125,"column":35},"end":{"line":125,"column":37}}],"line":125},"13":{"loc":{"start":{"line":126,"column":20},"end":{"line":126,"column":43}},"type":"binary-expr","locations":[{"start":{"line":126,"column":20},"end":{"line":126,"column":34}},{"start":{"line":126,"column":38},"end":{"line":126,"column":43}}],"line":126},"14":{"loc":{"start":{"line":128,"column":2},"end":{"line":130,"column":3}},"type":"if","locations":[{"start":{"line":128,"column":2},"end":{"line":130,"column":3}},{"start":{"line":128,"column":2},"end":{"line":130,"column":3}}],"line":128},"15":{"loc":{"start":{"line":149,"column":8},"end":{"line":155,"column":13}},"type":"cond-expr","locations":[{"start":{"line":150,"column":12},"end":{"line":150,"column":53}},{"start":{"line":151,"column":12},"end":{"line":155,"column":13}}],"line":149},"16":{"loc":{"start":{"line":171,"column":15},"end":{"line":171,"column":36}},"type":"binary-expr","locations":[{"start":{"line":171,"column":15},"end":{"line":171,"column":31}},{"start":{"line":171,"column":35},"end":{"line":171,"column":36}}],"line":171}},"s":{"0":9,"1":16,"2":16,"3":16,"4":8,"5":8,"6":8,"7":8,"8":8,"9":8,"10":8,"11":0,"12":9,"13":24,"14":24,"15":24,"16":24,"17":24,"18":0,"19":24,"20":24,"21":8,"22":16,"23":16,"24":16,"25":16,"26":8,"27":8,"28":8,"29":16,"30":16,"31":8,"32":8,"33":16,"34":8,"35":8},"f":{"0":16,"1":16,"2":16,"3":8,"4":24,"5":16,"6":16},"b":{"0":[0],"1":[0],"2":[8,0],"3":[8,0],"4":[8,8],"5":[0,8],"6":[0,0],"7":[8,0],"8":[0,0],"9":[0,24],"10":[24,0],"11":[8,16],"12":[16,8],"13":[16,8],"14":[8,8],"15":[16,0],"16":[8,0]},"_coverageSchema":"43e27e138ebf9cfc5966b082cf9a028302ed4184","hash":"d50cbe833b07e0122aaf96cf58fc20f944cf48ce"}
,"C:\\Users\\Usuario\\Proyectos\\return-app-sellers\\node\\resolvers\\returnRequest.ts": {"path":"C:\\Users\\Usuario\\Proyectos\\return-app-sellers\\node\\resolvers\\returnRequest.ts","statementMap":{"0":{"start":{"line":5,"column":29},"end":{"line":11,"column":1}},"1":{"start":{"line":10,"column":2},"end":{"line":10,"column":45}}},"fnMap":{"0":{"name":"(anonymous_0)","decl":{"start":{"line":5,"column":29},"end":{"line":5,"column":30}},"loc":{"start":{"line":9,"column":5},"end":{"line":11,"column":1}},"line":9}},"branchMap":{},"s":{"0":2,"1":2},"f":{"0":2},"b":{},"_coverageSchema":"43e27e138ebf9cfc5966b082cf9a028302ed4184","hash":"6a15b1bd9319545e1f64ff32fc286ebbea15f8d3"}
,"C:\\Users\\Usuario\\Proyectos\\return-app-sellers\\node\\resolvers\\returnRequestList.ts": {"path":"C:\\Users\\Usuario\\Proyectos\\return-app-sellers\\node\\resolvers\\returnRequestList.ts","statementMap":{"0":{"start":{"line":4,"column":33},"end":{"line":10,"column":1}},"1":{"start":{"line":9,"column":2},"end":{"line":9,"column":44}}},"fnMap":{"0":{"name":"(anonymous_0)","decl":{"start":{"line":4,"column":33},"end":{"line":4,"column":34}},"loc":{"start":{"line":8,"column":5},"end":{"line":10,"column":1}},"line":8}},"branchMap":{},"s":{"0":2,"1":2},"f":{"0":2},"b":{},"_coverageSchema":"43e27e138ebf9cfc5966b082cf9a028302ed4184","hash":"c782f64008fc06ef917420fe2598984fd2ddb3a7"}
,"C:\\Users\\Usuario\\Proyectos\\return-app-sellers\\node\\resolvers\\updateReturnRequestStatus.ts": {"path":"C:\\Users\\Usuario\\Proyectos\\return-app-sellers\\node\\resolvers\\updateReturnRequestStatus.ts","statementMap":{"0":{"start":{"line":7,"column":41},"end":{"line":11,"column":66}},"1":{"start":{"line":11,"column":29},"end":{"line":11,"column":66}}},"fnMap":{"0":{"name":"(anonymous_0)","decl":{"start":{"line":7,"column":41},"end":{"line":7,"column":42}},"loc":{"start":{"line":11,"column":29},"end":{"line":11,"column":66}},"line":11}},"branchMap":{},"s":{"0":2,"1":2},"f":{"0":2},"b":{},"_coverageSchema":"43e27e138ebf9cfc5966b082cf9a028302ed4184","hash":"bc8dfc5774d047ef38857fdd53eefb57b9a8b20b"}
,"C:\\Users\\Usuario\\Proyectos\\return-app-sellers\\node\\services\\createReturnRequestService.ts": {"path":"C:\\Users\\Usuario\\Proyectos\\return-app-sellers\\node\\services\\createReturnRequestService.ts","statementMap":{"0":{"start":{"line":17,"column":42},"end":{"line":307,"column":1}},"1":{"start":{"line":34,"column":6},"end":{"line":34,"column":9}},"2":{"start":{"line":45,"column":6},"end":{"line":45,"column":10}},"3":{"start":{"line":47,"column":22},"end":{"line":47,"column":57}},"4":{"start":{"line":48,"column":22},"end":{"line":48,"column":46}},"5":{"start":{"line":52,"column":2},"end":{"line":54,"column":3}},"6":{"start":{"line":53,"column":4},"end":{"line":53,"column":65}},"7":{"start":{"line":57,"column":2},"end":{"line":59,"column":3}},"8":{"start":{"line":58,"column":4},"end":{"line":58,"column":51}},"9":{"start":{"line":60,"column":23},"end":{"line":60,"column":55}},"10":{"start":{"line":62,"column":22},"end":{"line":62,"column":51}},"11":{"start":{"line":64,"column":28},"end":{"line":64,"column":44}},"12":{"start":{"line":65,"column":32},"end":{"line":65,"column":37}},"13":{"start":{"line":67,"column":2},"end":{"line":70,"column":3}},"14":{"start":{"line":68,"column":4},"end":{"line":68,"column":25}},"15":{"start":{"line":69,"column":4},"end":{"line":69,"column":54}},"16":{"start":{"line":72,"column":15},"end":{"line":75,"column":3}},"17":{"start":{"line":78,"column":4},"end":{"line":78,"column":65}},"18":{"start":{"line":80,"column":27},"end":{"line":84,"column":4}},"19":{"start":{"line":86,"column":26},"end":{"line":89,"column":4}},"20":{"start":{"line":93,"column":39},"end":{"line":97,"column":4}},"21":{"start":{"line":98,"column":2},"end":{"line":100,"column":3}},"22":{"start":{"line":99,"column":4},"end":{"line":99,"column":73}},"23":{"start":{"line":103,"column":6},"end":{"line":103,"column":15}},"24":{"start":{"line":117,"column":6},"end":{"line":117,"column":11}},"25":{"start":{"line":118,"column":2},"end":{"line":120,"column":3}},"26":{"start":{"line":119,"column":4},"end":{"line":119,"column":57}},"27":{"start":{"line":129,"column":6},"end":{"line":129,"column":14}},"28":{"start":{"line":137,"column":2},"end":{"line":142,"column":4}},"29":{"start":{"line":145,"column":2},"end":{"line":154,"column":4}},"30":{"start":{"line":157,"column":2},"end":{"line":157,"column":64}},"31":{"start":{"line":160,"column":2},"end":{"line":160,"column":58}},"32":{"start":{"line":163,"column":2},"end":{"line":166,"column":3}},"33":{"start":{"line":169,"column":2},"end":{"line":169,"column":74}},"34":{"start":{"line":173,"column":25},"end":{"line":173,"column":51}},"35":{"start":{"line":175,"column":24},"end":{"line":183,"column":4}},"36":{"start":{"line":184,"column":33},"end":{"line":188,"column":3}},"37":{"start":{"l
[...]
,"C:\\Users\\Usuario\\Proyectos\\return-app-sellers\\node\\utils\\mapItemIndexAndQuantity.ts": {"path":"C:\\Users\\Usuario\\Proyectos\\return-app-sellers\\node\\utils\\mapItemIndexAndQuantity.ts","statementMap":{"0":{"start":{"line":3,"column":39},"end":{"line":23,"column":1}},"1":{"start":{"line":8,"column":34},"end":{"line":8,"column":59}},"2":{"start":{"line":10,"column":2},"end":{"line":20,"column":3}},"3":{"start":{"line":11,"column":36},"end":{"line":11,"column":48}},"4":{"start":{"line":13,"column":4},"end":{"line":19,"column":5}},"5":{"start":{"line":14,"column":30},"end":{"line":14,"column":78}},"6":{"start":{"line":16,"column":6},"end":{"line":16,"column":72}},"7":{"start":{"line":18,"column":6},"end":{"line":18,"column":54}},"8":{"start":{"line":22,"column":2},"end":{"line":22,"column":32}}},"fnMap":{"0":{"name":"(anonymous_0)","decl":{"start":{"line":3,"column":39},"end":{"line":3,"column":40}},"loc":{"start":{"line":7,"column":26},"end":{"line":23,"column":1}},"line":7}},"branchMap":{"0":{"loc":{"start":{"line":13,"column":4},"end":{"line":19,"column":5}},"type":"if","locations":[{"start":{"line":13,"column":4},"end":{"line":19,"column":5}},{"start":{"line":13,"column":4},"end":{"line":19,"column":5}}],"line":13}},"s":{"0":11,"1":29,"2":29,"3":19,"4":19,"5":3,"6":3,"7":16,"8":29},"f":{"0":29},"b":{"0":[3,16]},"_coverageSchema":"43e27e138ebf9cfc5966b082cf9a028302ed4184","hash":"a60bd7cb2082d5b3bce2694177e4fe6564b128fa"}
,"C:\\Users\\Usuario\\Proyectos\\return-app-sellers\\node\\utils\\transformOrderClientProfileData.ts": {"path":"C:\\Users\\Usuario\\Proyectos\\return-app-sellers\\node\\utils\\transformOrderClientProfileData.ts","statementMap":{"0":{"start":{"line":4,"column":47},"end":{"line":13,"column":1}},"1":{"start":{"line":8,"column":2},"end":{"line":12,"column":3}}},"fnMap":{"0":{"name":"(anonymous_0)","decl":{"start":{"line":4,"column":47},"end":{"line":4,"column":48}},"loc":{"start":{"line":7,"column":24},"end":{"line":13,"column":1}},"line":7}},"branchMap":{},"s":{"0":10,"1":8},"f":{"0":8},"b":{},"_coverageSchema":"43e27e138ebf9cfc5966b082cf9a028302ed4184","hash":"5e8217ea82a4f0651e68bf54affd1fd3730ab5cf"}
,"C:\\Users\\Usuario\\Proyectos\\return-app-sellers\\node\\utils\\transformShippingData.ts": {"path":"C:\\Users\\Usuario\\Proyectos\\return-app-sellers\\node\\utils\\transformShippingData.ts","statementMap":{"0":{"start":{"line":4,"column":37},"end":{"line":29,"column":1}},"1":{"start":{"line":7,"column":22},"end":{"line":7,"column":34}},"2":{"start":{"line":9,"column":21},"end":{"line":9,"column":45}},"3":{"start":{"line":16,"column":4},"end":{"line":16,"column":74}},"4":{"start":{"line":18,"column":2},"end":{"line":28,"column":3}}},"fnMap":{"0":{"name":"(anonymous_0)","decl":{"start":{"line":4,"column":37},"end":{"line":4,"column":38}},"loc":{"start":{"line":6,"column":19},"end":{"line":29,"column":1}},"line":6}},"branchMap":{"0":{"loc":{"start":{"line":9,"column":21},"end":{"line":9,"column":45}},"type":"binary-expr","locations":[{"start":{"line":9,"column":21},"end":{"line":9,"column":39}},{"start":{"line":9,"column":43},"end":{"line":9,"column":45}}],"line":9},"1":{"loc":{"start":{"line":16,"column":4},"end":{"line":16,"column":74}},"type":"cond-expr","locations":[{"start":{"line":16,"column":39},"end":{"line":16,"column":53}},{"start":{"line":16,"column":56},"end":{"line":16,"column":74}}],"line":16},"2":{"loc":{"start":{"line":19,"column":15},"end":{"line":19,"column":38}},"type":"binary-expr","locations":[{"start":{"line":19,"column":15},"end":{"line":19,"column":32}},{"start":{"line":19,"column":36},"end":{"line":19,"column":38}}],"line":19},"3":{"loc":{"start":{"line":22,"column":35},"end":{"line":22,"column":55}},"type":"binary-expr","locations":[{"start":{"line":22,"column":35},"end":{"line":22,"column":49}},{"start":{"line":22,"column":53},"end":{"line":22,"column":55}}],"line":22}},"s":{"0":10,"1":8,"2":8,"3":8,"4":8},"f":{"0":8},"b":{"0":[8,0],"1":[0,8],"2":[8,0],"3":[8,0]},"_coverageSchema":"43e27e138ebf9cfc5966b082cf9a028302ed4184","hash":"da7042fb0b718c536d30fa7d0feb391366408db3"}
,"C:\\Users\\Usuario\\Proyectos\\return-app-sellers\\node\\utils\\translateItems.ts": {"path":"C:\\Users\\Usuario\\Proyectos\\return-app-sellers\\node\\utils\\translateItems.ts","statementMap":{"0":{"start":{"line":8,"column":33},"end":{"line":31,"column":1}},"1":{"start":{"line":15,"column":2},"end":{"line":30,"column":3}},"2":{"start":{"line":18,"column":4},"end":{"line":22,"column":5}},"3":{"start":{"line":19,"column":6},"end":{"line":19,"column":44}},"4":{"start":{"line":21,"column":6},"end":{"line":21,"column":54}},"5":{"start":{"line":24,"column":24},"end":{"line":24,"column":59}},"6":{"start":{"line":26,"column":4},"end":{"line":26,"column":39}},"7":{"start":{"line":28,"column":4},"end":{"line":28,"column":49}},"8":{"start":{"line":29,"column":4},"end":{"line":29,"column":15}},"9":{"start":{"line":39,"column":2},"end":{"line":52,"column":3}},"10":{"start":{"line":41,"column":6},"end":{"line":50,"column":7}}},"fnMap":{"0":{"name":"(anonymous_0)","decl":{"start":{"line":8,"column":33},"end":{"line":8,"column":34}},"loc":{"start":{"line":14,"column":5},"end":{"line":31,"column":1}},"line":14},"1":{"name":"handleTranlateItems","decl":{"start":{"line":33,"column":16},"end":{"line":33,"column":35}},"loc":{"start":{"line":38,"column":27},"end":{"line":53,"column":1}},"line":38},"2":{"name":"(anonymous_2)","decl":{"start":{"line":40,"column":14},"end":{"line":40,"column":15}},"loc":{"start":{"line":40,"column":44},"end":{"line":51,"column":5}},"line":40}},"branchMap":{"0":{"loc":{"start":{"line":18,"column":4},"end":{"line":22,"column":5}},"type":"if","locations":[{"start":{"line":18,"column":4},"end":{"line":22,"column":5}},{"start":{"line":18,"column":4},"end":{"line":22,"column":5}}],"line":18},"1":{"loc":{"start":{"line":24,"column":24},"end":{"line":24,"column":59}},"type":"binary-expr","locations":[{"start":{"line":24,"column":24},"end":{"line":24,"column":31}},{"start":{"line":24,"column":35},"end":{"line":24,"column":59}}],"line":24},"2":{"loc":{"start":{"line":26,"column":11},"end":{"line":26,"column":39}},"type":"cond-expr","locations":[{"start":{"line":26,"column":25},"end":{"line":26,"column":32}},{"start":{"line":26,"column":35},"end":{"line":26,"column":39}}],"line":26}},"s":{"0":12,"1":14,"2":14,"3":3,"4":11,"5":13,"6":13,"7":1,"8":1,"9":9,"10":10},"f":{"0":14,"1":9,"2":10},"b":{"0":[3,11],"1":[13,9],"2":[9,4]},"_coverageSchema":"43e27e138ebf9cfc5966b082cf9a028302ed4184","hash":"e0684d9b06d0e1789a1558f61808897ba17ff529"}
,"C:\\Users\\Usuario\\Proyectos\\return-app-sellers\\node\\utils\\validateCanUseDropoffPoints.ts": {"path":"C:\\Users\\Usuario\\Proyectos\\return-app-sellers\\node\\utils\\validateCanUseDropoffPoints.ts","statementMap":{"0":{"start":{"line":4,"column":43},"end":{"line":17,"column":1}},"1":{"start":{"line":8,"column":2},"end":{"line":10,"column":3}},"2":{"start":{"line":9,"column":4},"end":{"line":9,"column":56}},"3":{"start":{"line":12,"column":26},"end":{"line":12,"column":42}},"4":{"start":{"line":14,"column":2},"end":{"line":16,"column":3}},"5":{"start":{"line":15,"column":4},"end":{"line":15,"column":61}}},"fnMap":{"0":{"name":"(anonymous_0)","decl":{"start":{"line":4,"column":43},"end":{"line":4,"column":44}},"loc":{"start":{"line":7,"column":5},"end":{"line":17,"column":1}},"line":7}},"branchMap":{"0":{"loc":{"start":{"line":8,"column":2},"end":{"line":10,"column":3}},"type":"if","locations":[{"start":{"line":8,"column":2},"end":{"line":10,"column":3}},{"start":{"line":8,"column":2},"end":{"line":10,"column":3}}],"line":8},"1":{"loc":{"start":{"line":14,"column":2},"end":{"line":16,"column":3}},"type":"if","locations":[{"start":{"line":14,"column":2},"end":{"line":16,"column":3}},{"start":{"line":14,"column":2},"end":{"line":16,"column":3}}],"line":14},"2":{"loc":{"start":{"line":14,"column":6},"end":{"line":14,"column":62}},"type":"binary-expr","locations":[{"start":{"line":14,"column":6},"end":{"line":14,"column":36}},{"start":{"line":14,"column":40},"end":{"line":14,"column":62}}],"line":14}},"s":{"0":3,"1":8,"2":1,"3":7,"4":7,"5":2},"f":{"0":8},"b":{"0":[1,7],"1":[2,5],"2":[7,4]},"_coverageSchema":"43e27e138ebf9cfc5966b082cf9a028302ed4184","hash":"3e83934a167b0c4b027b19abc6b4b5f28e914ada"}
,"C:\\Users\\Usuario\\Proyectos\\return-app-sellers\\node\\utils\\validateItemCondition.ts": {"path":"C:\\Users\\Usuario\\Proyectos\\return-app-sellers\\node\\utils\\validateItemCondition.ts","statementMap":{"0":{"start":{"line":4,"column":37},"end":{"line":16,"column":1}},"1":{"start":{"line":8,"column":2},"end":{"line":15,"column":6}},"2":{"start":{"line":10,"column":6},"end":{"line":14,"column":7}},"3":{"start":{"line":11,"column":8},"end":{"line":13,"column":9}}},"fnMap":{"0":{"name":"(anonymous_0)","decl":{"start":{"line":4,"column":37},"end":{"line":4,"column":38}},"loc":{"start":{"line":7,"column":5},"end":{"line":16,"column":1}},"line":7},"1":{"name":"(anonymous_1)","decl":{"start":{"line":9,"column":26},"end":{"line":9,"column":27}},"loc":{"start":{"line":9,"column":61},"end":{"line":15,"column":5}},"line":9}},"branchMap":{"0":{"loc":{"start":{"line":8,"column":2},"end":{"line":15,"column":6}},"type":"binary-expr","locations":[{"start":{"line":8,"column":2},"end":{"line":8,"column":19}},{"start":{"line":9,"column":4},"end":{"line":15,"column":6}}],"line":8},"1":{"loc":{"start":{"line":10,"column":6},"end":{"line":14,"column":7}},"type":"if","locations":[{"start":{"line":10,"column":6},"end":{"line":14,"column":7}},{"start":{"line":10,"column":6},"end":{"line":14,"column":7}}],"line":10},"2":{"loc":{"start":{"line":10,"column":10},"end":{"line":10,"column":51}},"type":"binary-expr","locations":[{"start":{"line":10,"column":10},"end":{"line":10,"column":20}},{"start":{"line":10,"column":24},"end":{"line":10,"column":51}}],"line":10}},"s":{"0":3,"1":5,"2":4,"3":1},"f":{"0":5,"1":4},"b":{"0":[5,2],"1":[1,3],"2":[4,3]},"_coverageSchema":"43e27e138ebf9cfc5966b082cf9a028302ed4184","hash":"f0e85de103dc36c6f2245d16e552d6540c84ecea"}
,"C:\\Users\\Usuario\\Proyectos\\return-app-sellers\\node\\utils\\validatePaymentMethod.ts": {"path":"C:\\Users\\Usuario\\Proyectos\\return-app-sellers\\node\\utils\\validatePaymentMethod.ts","statementMap":{"0":{"start":{"line":7,"column":37},"end":{"line":64,"column":1}},"1":{"start":{"line":15,"column":6},"end":{"line":15,"column":21}},"2":{"start":{"line":17,"column":59},"end":{"line":17,"column":76}},"3":{"start":{"line":20,"column":2},"end":{"line":28,"column":3}},"4":{"start":{"line":24,"column":4},"end":{"line":27,"column":5}},"5":{"start":{"line":30,"column":2},"end":{"line":40,"column":3}},"6":{"start":{"line":31,"column":4},"end":{"line":36,"column":5}},"7":{"start":{"line":32,"column":6},"end":{"line":35,"column":7}},"8":{"start":{"line":39,"column":4},"end":{"line":39,"column":10}},"9":{"start":{"line":43,"column":2},"end":{"line":48,"column":3}},"10":{"start":{"line":44,"column":4},"end":{"line":47,"column":5}},"11":{"start":{"line":51,"column":2},"end":{"line":63,"column":3}},"12":{"start":{"line":52,"column":4},"end":{"line":54,"column":5}},"13":{"start":{"line":53,"column":6},"end":{"line":53,"column":54}},"14":{"start":{"line":56,"column":4},"end":{"line":58,"column":5}},"15":{"start":{"line":57,"column":6},"end":{"line":57,"column":69}},"16":{"start":{"line":60,"column":4},"end":{"line":62,"column":5}},"17":{"start":{"line":61,"column":6},"end":{"line":61,"column":55}}},"fnMap":{"0":{"name":"(anonymous_0)","decl":{"start":{"line":7,"column":37},"end":{"line":7,"column":38}},"loc":{"start":{"line":10,"column":5},"end":{"line":64,"column":1}},"line":10}},"branchMap":{"0":{"loc":{"start":{"line":20,"column":2},"end":{"line":28,"column":3}},"type":"if","locations":[{"start":{"line":20,"column":2},"end":{"line":28,"column":3}},{"start":{"line":20,"column":2},"end":{"line":28,"column":3}}],"line":20},"1":{"loc":{"start":{"line":21,"column":4},"end":{"line":22,"column":44}},"type":"binary-expr","locations":[{"start":{"line":21,"column":4},"end":{"line":21,"column":33}},{"start":{"line":22,"column":4},"end":{"line":22,"column":44}}],"line":21},"2":{"loc":{"start":{"line":30,"column":2},"end":{"line":40,"column":3}},"type":"if","locations":[{"start":{"line":30,"column":2},"end":{"line":40,"column":3}},{"start":{"line":30,"column":2},"end":{"line":40,"column":3}}],"line":30},"3":{"loc":{"start":{"line":31,"column":4},"end":{"line":36,"column":5}},"type":"if","locations":[{"start":{"line":31,"column":4},"end":{"line":36,"column":5}},{"start":{"line":31,"column":4},"end":{"line":36,"column":5}}],"line":31},"4":{"loc":{"start":{"line":43,"column":2},"end":{"line":48,"column":3}},"type":"if","locations":[{"start":{"line":43,"column":2},"end":{"line":48,"column":3}},{"start":{"line":43,"column":2},"end":{"line":48,"column":3}}],"line":43},"5":{"loc":{"start":{"line":51,"column":2},"end":{"line":63,"column":3}},"type":"if","locations":[{"start":{"line":51,"column":2},"end":{"line":63,"column":3}},{"start":{"line":51,"column":2},"end":{"line":63,"column":3}}],"line":51},"6":{"loc":{"start":{"line":52,"column":4},"end":{"line":54,"column":5}},"type":"if","locations":[{"start":{"line":52,"column":4},"end":{"line":54,"column":5}},{"start":{"line":52,"column":4},"end":{"line":54,"column":5}}],"line":52},"7":{"loc":{"start":{"line":56,"column":4},"end":{"line":58,"column":5}},"type":"if","locations":[{"start":{"line":56,"column":4},"end":{"line":58,"column":5}},{"start":{"line":56,"column":4},"end":{"line":58,"column":5}}],"line":56},"8":{"loc":{"start":{"line":60,"column":4},"end":{"line":62,"column":5}},"type":"if","locations":[{"start":{"line":60,"column":4},"end":{"line":62,"column":5}},{"start":{"line":60,"column":4},"end":{"line":62,"column":5}}],"line":60}},"s":{"0":3,"1":8,"2":8,"3":8,"4":1,"5":7,"6":1,"7":1,"8":0,"9":6,"10":0,"11":6,"12":6,"13":2,"14":4,"15":1,"16":3,"17":1},"f":{"0":8},"b":{"0":[1,7],"1":[8,1],"2":[1,6],"3":[1,0],"4":[0,6],"5":[6,0],"6":[2,4],"7":[1,3],"8":[1,2]},"_coverageSchema":"43e27e138ebf9cfc5966b082cf9a028302ed4184","hash":"e181d9725bc918e2584108f368e04a9652b609a5"}
,"C:\\Users\\Usuario\\Proyectos\\return-app-sellers\\node\\utils\\validateReturnReason.ts": {"path":"C:\\Users\\Usuario\\Proyectos\\return-app-sellers\\node\\utils\\validateReturnReason.ts","statementMap":{"0":{"start":{"line":8,"column":36},"end":{"line":63,"column":1}},"1":{"start":{"line":13,"column":2},"end":{"line":19,"column":4}},"2":{"start":{"line":14,"column":4},"end":{"line":18,"column":5}},"3":{"start":{"line":15,"column":6},"end":{"line":17,"column":7}},"4":{"start":{"line":21,"column":2},"end":{"line":23,"column":3}},"5":{"start":{"line":22,"column":4},"end":{"line":22,"column":10}},"6":{"start":{"line":25,"column":36},"end":{"line":25,"column":61}},"7":{"start":{"line":27,"column":2},"end":{"line":35,"column":3}},"8":{"start":{"line":28,"column":46},"end":{"line":28,"column":58}},"9":{"start":{"line":30,"column":4},"end":{"line":30,"column":50}},"10":{"start":{"line":32,"column":4},"end":{"line":34,"column":5}},"11":{"start":{"line":33,"column":6},"end":{"line":33,"column":57}},"12":{"start":{"line":37,"column":2},"end":{"line":62,"column":3}},"13":{"start":{"line":41,"column":8},"end":{"line":41,"column":12}},"14":{"start":{"line":43,"column":4},"end":{"line":45,"column":5}},"15":{"start":{"line":44,"column":6},"end":{"line":44,"column":14}},"16":{"start":{"line":47,"column":28},"end":{"line":47,"column":65}},"17":{"start":{"line":49,"column":4},"end":{"line":54,"column":5}},"18":{"start":{"line":50,"column":6},"end":{"line":53,"column":7}},"19":{"start":{"line":56,"column":4},"end":{"line":61,"column":5}},"20":{"start":{"line":57,"column":6},"end":{"line":60,"column":7}}},"fnMap":{"0":{"name":"(anonymous_0)","decl":{"start":{"line":8,"column":36},"end":{"line":8,"column":37}},"loc":{"start":{"line":12,"column":5},"end":{"line":63,"column":1}},"line":12},"1":{"name":"(anonymous_1)","decl":{"start":{"line":13,"column":24},"end":{"line":13,"column":25}},"loc":{"start":{"line":13,"column":74},"end":{"line":19,"column":3}},"line":13}},"branchMap":{"0":{"loc":{"start":{"line":14,"column":4},"end":{"line":18,"column":5}},"type":"if","locations":[{"start":{"line":14,"column":4},"end":{"line":18,"column":5}},{"start":{"line":14,"column":4},"end":{"line":18,"column":5}}],"line":14},"1":{"loc":{"start":{"line":21,"column":2},"end":{"line":23,"column":3}},"type":"if","locations":[{"start":{"line":21,"column":2},"end":{"line":23,"column":3}},{"start":{"line":21,"column":2},"end":{"line":23,"column":3}}],"line":21},"2":{"loc":{"start":{"line":21,"column":6},"end":{"line":21,"column":62}},"type":"binary-expr","locations":[{"start":{"line":21,"column":6},"end":{"line":21,"column":26}},{"start":{"line":21,"column":30},"end":{"line":21,"column":62}}],"line":21},"3":{"loc":{"start":{"line":32,"column":34},"end":{"line":32,"column":52}},"type":"binary-expr","locations":[{"start":{"line":32,"column":34},"end":{"line":32,"column":46}},{"start":{"line":32,"column":50},"end":{"line":32,"column":52}}],"line":32},"4":{"loc":{"start":{"line":43,"column":4},"end":{"line":45,"column":5}},"type":"if","locations":[{"start":{"line":43,"column":4},"end":{"line":45,"column":5}},{"start":{"line":43,"column":4},"end":{"line":45,"column":5}}],"line":43},"5":{"loc":{"start":{"line":49,"column":4},"end":{"line":54,"column":5}},"type":"if","locations":[{"start":{"line":49,"column":4},"end":{"line":54,"column":5}},{"start":{"line":49,"column":4},"end":{"line":54,"column":5}}],"line":49},"6":{"loc":{"start":{"line":56,"column":4},"end":{"line":61,"column":5}},"type":"if","locations":[{"start":{"line":56,"column":4},"end":{"line":61,"column":5}},{"start":{"line":56,"column":4},"end":{"line":61,"column":5}}],"line":56}},"s":{"0":3,"1":7,"2":7,"3":2,"4":5,"5":2,"6":3,"7":3,"8":3,"9":3,"10":3,"11":3,"12":3,"13":3,"14":3,"15":0,"16":3,"17":3,"18":1,"19":2,"20":1},"f":{"0":7,"1":7},"b":{"0":[2,5],"1":[2,3],"2":[5,3],"3":[3,0],"4":[0,3],"5":[1,2],"6":[1,1]},"_coverageSchema":"43e27e138ebf9cfc5966b082cf9a028302ed4184","hash":"bb38e3a789414afd75593cdfd61eca55f29d9d03"}
}
