TN:
SF:C:\Users\Usuario\Proyectos\return-app-sellers\node\clients\settings.ts
FN:20,(anonymous_0)
FN:24,(anonymous_1)
FNF:2
FNH:2
FNDA:3,(anonymous_0)
FNDA:3,(anonymous_1)
DA:10,20
DA:11,20
DA:13,20
DA:21,3
DA:27,3
DA:29,3
DA:34,3
LF:7
LH:7
BRF:0
BRH:0
end_of_record
TN:
SF:C:\Users\Usuario\Proyectos\return-app-sellers\node\middlewares\auth.ts
FN:5,auth
FNF:1
FNH:1
FNDA:2,auth
DA:10,2
DA:12,2
DA:13,2
DA:14,2
DA:16,2
DA:17,2
DA:20,2
DA:21,2
DA:23,2
DA:25,2
DA:31,2
DA:32,2
DA:37,2
DA:39,1
DA:41,1
DA:42,1
DA:45,2
DA:48,2
DA:49,0
DA:50,0
DA:55,2
LF:21
LH:19
BRDA:16,0,0,2
BRDA:16,0,1,0
BRDA:20,1,0,2
BRDA:20,1,1,0
BRDA:28,2,0,2
BRDA:28,2,1,0
BRDA:31,3,0,2
BRDA:31,3,1,0
BRDA:37,4,0,1
BRDA:37,4,1,1
BRDA:37,5,0,2
BRDA:37,5,1,1
BRDA:48,6,0,0
BRDA:48,6,1,2
BRDA:48,7,0,2
BRDA:48,7,1,0
BRF:16
BRH:10
end_of_record
TN:
SF:C:\Users\Usuario\Proyectos\return-app-sellers\node\middlewares\errorHandler.ts
FN:6,(anonymous_0)
FN:21,(anonymous_1)
FN:32,errorHandler
FN:62,(anonymous_3)
FNF:4
FNH:3
FNDA:0,(anonymous_0)
FNDA:7,(anonymous_1)
FNDA:3,errorHandler
FNDA:6,(anonymous_3)
DA:7,0
DA:9,0
DA:10,0
DA:21,10
DA:22,7
DA:29,7
DA:37,3
DA:39,3
DA:40,3
DA:41,3
DA:43,3
DA:53,3
DA:55,3
DA:56,3
DA:57,3
DA:59,3
DA:60,3
DA:62,3
DA:64,6
DA:67,6
DA:76,6
DA:79,3
DA:80,3
LF:23
LH:20
BRDA:39,0,0,0
BRDA:39,0,1,3
BRDA:53,1,0,3
BRDA:53,1,1,3
BRDA:53,1,2,2
BRDA:55,2,0,3
BRDA:55,2,1,2
BRDA:55,2,2,1
BRDA:55,2,3,0
BRDA:60,3,0,0
BRDA:60,3,1,3
BRDA:79,4,0,3
BRDA:79,4,1,0
BRF:13
BRH:9
end_of_record
TN:
SF:C:\Users\Usuario\Proyectos\return-app-sellers\node\middlewares\exportReturns.ts
FN:6,(anonymous_0)
FN:7,(anonymous_1)
FN:12,(anonymous_2)
FN:32,exportReturns
FNF:4
FNH:2
FNDA:1,(anonymous_0)
FNDA:0,(anonymous_1)
FNDA:0,(anonymous_2)
FNDA:2,exportReturns
DA:6,1
DA:7,1
DA:12,0
DA:24,1
DA:25,1
DA:27,1
DA:29,1
DA:36,2
DA:38,2
DA:40,2
DA:41,1
DA:44,1
DA:45,1
DA:47,1
DA:49,1
DA:50,1
DA:53,1
DA:59,1
DA:61,1
DA:62,1
DA:63,1
DA:67,1
DA:74,0
DA:75,0
DA:78,1
DA:79,1
LF:26
LH:23
BRDA:16,0,0,0
BRDA:16,0,1,0
BRDA:17,1,0,0
BRDA:17,1,1,0
BRDA:18,2,0,0
BRDA:18,2,1,0
BRDA:40,3,0,1
BRDA:40,3,1,1
BRDA:49,4,0,1
BRDA:49,4,1,0
BRDA:56,5,0,1
BRDA:56,5,1,0
BRF:12
BRH:4
end_of_record
TN:
SF:C:\Users\Usuario\Proyectos\return-app-sellers\node\middlewares\invoice.ts
FN:133,invoice
FNF:1
FNH:1
FNDA:2,invoice
DA:144,2
DA:146,2
DA:148,2
DA:157,2
DA:159,1
DA:160,1
LF:6
LH:6
BRF:0
BRH:0
end_of_record
TN:
SF:C:\Users\Usuario\Proyectos\return-app-sellers\node\middlewares\ping.ts
FN:1,ping
FNF:1
FNH:1
FNDA:1,ping
DA:5,1
DA:7,1
DA:8,1
DA:10,1
DA:12,1
LF:5
LH:5
BRF:0
BRH:0
end_of_record
TN:
SF:C:\Users\Usuario\Proyectos\return-app-sellers\node\middlewares\updateRequestStatus.ts
FN:5,updateRequestStatus
FNF:1
FNH:1
FNDA:1,updateRequestStatus
DA:12,1
DA:14,1
DA:16,1
DA:18,1
DA:28,1
DA:33,1
DA:34,1
DA:35,1
LF:8
LH:8
BRDA:24,0,0,1
BRDA:24,0,1,0
BRF:2
BRH:1
end_of_record
TN:
SF:C:\Users\Usuario\Proyectos\return-app-sellers\node\middlewares\goodwill\createGoodwill.ts
FN:135,createGoodwill
FNF:1
FNH:1
FNDA:1,createGoodwill
DA:139,1
DA:141,1
DA:143,1
DA:153,1
DA:155,1
DA:156,1
LF:6
LH:6
BRF:0
BRH:0
end_of_record
TN:
SF:C:\Users\Usuario\Proyectos\return-app-sellers\node\resolvers\ReturnRequestResponse.ts
FN:7,(anonymous_0)
FN:22,(anonymous_1)
FN:27,(anonymous_2)
FN:30,(anonymous_3)
FN:41,(anonymous_4)
FN:77,(anonymous_5)
FN:114,(anonymous_6)
FN:152,(anonymous_7)
FN:191,(anonymous_8)
FN:230,(anonymous_9)
FN:263,(anonymous_10)
FN:297,(anonymous_11)
FN:336,(anonymous_12)
FN:375,(anonymous_13)
FNF:14
FNH:14
FNDA:10,(anonymous_0)
FNDA:11,(anonymous_1)
FNDA:7,(anonymous_2)
FNDA:10,(anonymous_3)
FNDA:6,(anonymous_4)
FNDA:9,(anonymous_5)
FNDA:9,(anonymous_6)
FNDA:9,(anonymous_7)
FNDA:9,(anonymous_8)
FNDA:9,(anonymous_9)
FNDA:6,(anonymous_10)
FNDA:8,(anonymous_11)
FNDA:9,(anonymous_12)
FNDA:9,(anonymous_13)
DA:7,7
DA:11,10
DA:12,6
DA:18,4
DA:22,7
DA:26,11
DA:28,7
DA:31,10
DA:40,7
DA:46,6
DA:48,6
DA:56,3
DA:58,3
DA:60,3
DA:61,3
DA:62,3
DA:65,3
DA:73,3
DA:75,3
DA:82,9
DA:84,9
DA:92,3
DA:94,3
DA:96,3
DA:97,3
DA:98,3
DA:101,3
DA:110,3
DA:112,3
DA:119,9
DA:121,9
DA:129,3
DA:131,3
DA:133,3
DA:134,3
DA:135,3
DA:138,3
DA:147,3
DA:149,3
DA:157,9
DA:159,9
DA:167,6
DA:169,6
DA:171,6
DA:172,6
DA:173,6
DA:176,6
DA:184,6
DA:188,6
DA:196,9
DA:198,9
DA:206,3
DA:208,3
DA:210,3
DA:211,3
DA:212,0
DA:215,3
DA:223,3
DA:227,3
DA:231,9
DA:233,9
DA:241,6
DA:243,6
DA:245,6
DA:246,6
DA:247,3
DA:250,6
DA:258,6
DA:260,6
DA:264,6
DA:266,6
DA:274,6
DA:276,6
DA:278,6
DA:279,6
DA:280,6
DA:283,6
DA:291,6
DA:295,6
DA:302,8
DA:311,8
DA:313,8
DA:315,8
DA:316,8
DA:317,6
DA:320,8
DA:322,8
DA:330,8
DA:334,8
DA:341,9
DA:343,9
DA:351,0
DA:353,0
DA:355,0
DA:356,0
DA:357,0
DA:360,0
DA:368,0
DA:372,0
DA:376,9
DA:378,9
LF:101
LH:92
BRDA:11,0,0,6
BRDA:11,0,1,4
BRDA:27,1,0,11
BRDA:27,1,1,0
BRDA:31,2,0,10
BRDA:31,2,1,6
BRDA:48,3,0,3
BRDA:48,3,1,3
BRDA:61,4,0,3
BRDA:61,4,1,0
BRDA:68,5,0,3
BRDA:68,5,1,3
BRDA:84,6,0,6
BRDA:84,6,1,3
BRDA:97,7,0,3
BRDA:97,7,1,0
BRDA:104,8,0,3
BRDA:104,8,1,3
BRDA:121,9,0,6
BRDA:121,9,1,3
BRDA:134,10,0,3
BRDA:134,10,1,0
BRDA:141,11,0,3
BRDA:141,11,1,3
BRDA:159,12,0,3
BRDA:159,12,1,6
BRDA:159,13,0,9
BRDA:159,13,1,9
BRDA:172,14,0,6
BRDA:172,14,1,0
BRDA:179,15,0,6
BRDA:179,15,1,6
BRDA:198,16,0,6
BRDA:198,16,1,3
BRDA:211,17,0,0
BRDA:211,17,1,3
BRDA:218,18,0,3
BRDA:218,18,1,0
BRDA:233,19,0,3
BRDA:233,19,1,6
BRDA:246,20,0,3
BRDA:246,20,1,3
BRDA:253,21,0,6
BRDA:253,21,1,3
BRDA:266,22,0,0
BRDA:266,22,1,6
BRDA:279,23,0,6
BRDA:279,23,1,0
BRDA:286,24,0,6
BRDA:286,24,1,6
BRDA:316,25,0,6
BRDA:316,25,1,2
BRDA:325,26,0,8
BRDA:325,26,1,6
BRDA:330,27,0,8
BRDA:330,27,1,0
BRDA:343,28,0,9
BRDA:343,28,1,0
BRDA:356,29,0,0
BRDA:356,29,1,0
BRDA:363,30,0,0
BRDA:363,30,1,0
BRF:62
BRH:47
end_of_record
TN:
SF:C:\Users\Usuario\Proyectos\return-app-sellers\node\resolvers\appSettings.ts
FN:14,(anonymous_0)
FN:44,(anonymous_1)
FNF:2
FNH:2
FNDA:2,(anonymous_0)
FNDA:2,(anonymous_1)
DA:14,1
DA:25,2
DA:26,2
DA:28,2
DA:29,2
DA:30,0
DA:33,2
DA:39,2
DA:41,1
DA:44,1
DA:55,2
DA:57,2
DA:59,2
DA:65,2
DA:66,2
DA:72,2
DA:73,2
DA:74,2
DA:75,0
DA:79,2
DA:81,2
DA:89,2
DA:95,2
DA:96,2
DA:99,1
DA:100,1
LF:26
LH:24
BRDA:29,0,0,0
BRDA:29,0,1,2
BRDA:35,1,0,2
BRDA:35,1,1,0
BRDA:39,2,0,1
BRDA:39,2,1,1
BRDA:74,3,0,0
BRDA:74,3,1,2
BRDA:79,4,0,2
BRDA:79,4,1,0
BRF:10
BRH:6
end_of_record
TN:
SF:C:\Users\Usuario\Proyectos\return-app-sellers\node\resolvers\categoryTreeName.ts
FN:3,(anonymous_0)
FN:32,(anonymous_1)
FNF:2
FNH:2
FNDA:5,(anonymous_0)
FNDA:2,(anonymous_1)
DA:3,2
DA:7,5
DA:9,5
DA:10,4
DA:11,3
DA:16,1
DA:20,1
DA:22,1
DA:29,5
DA:32,2
DA:39,2
DA:41,2
DA:43,2
LF:13
LH:13
BRDA:5,0,0,4
BRDA:10,1,0,3
BRDA:10,1,1,1
BRDA:13,2,0,1
BRDA:13,2,1,2
BRDA:16,3,0,0
BRDA:16,3,1,1
BRF:7
BRH:6
end_of_record
TN:
SF:C:\Users\Usuario\Proyectos\return-app-sellers\node\resolvers\createGoodwillRequest.ts
FN:4,(anonymous_0)
FNF:1
FNH:1
FNDA:1,(anonymous_0)
DA:4,2
DA:12,1
DA:13,1
DA:14,1
DA:24,1
LF:5
LH:5
BRDA:13,0,0,0
BRDA:13,0,1,1
BRF:2
BRH:1
end_of_record
TN:
SF:C:\Users\Usuario\Proyectos\return-app-sellers\node\resolvers\createInvoiceRequest.ts
FN:4,(anonymous_0)
FNF:1
FNH:1
FNDA:1,(anonymous_0)
DA:4,2
DA:9,1
DA:10,1
DA:11,1
DA:20,1
LF:5
LH:5
BRDA:10,0,0,0
BRDA:10,0,1,1
BRF:2
BRH:1
end_of_record
TN:
SF:C:\Users\Usuario\Proyectos\return-app-sellers\node\resolvers\createReturnRequest.ts
FN:5,(anonymous_0)
FNF:1
FNH:1
FNDA:1,(anonymous_0)
DA:5,2
DA:10,1
DA:11,1
DA:12,1
DA:21,1
LF:5
LH:5
BRDA:11,0,0,0
BRDA:11,0,1,1
BRF:2
BRH:1
end_of_record
TN:
SF:C:\Users\Usuario\Proyectos\return-app-sellers\node\resolvers\index.ts
FNF:0
FNH:0
DA:19,1
DA:27,1
DA:39,1
LF:3
LH:3
BRF:0
BRH:0
end_of_record
TN:
SF:C:\Users\Usuario\Proyectos\return-app-sellers\node\resolvers\nearestPickupPoints.ts
FN:3,(anonymous_0)
FNF:1
FNH:1
FNDA:1,(anonymous_0)
DA:3,2
DA:10,1
DA:12,1
DA:17,1
LF:4
LH:4
BRF:0
BRH:0
end_of_record
TN:
SF:C:\Users\Usuario\Proyectos\return-app-sellers\node\resolvers\orderSummary.ts
FN:8,(anonymous_0)
FNF:1
FNH:1
FNDA:25,(anonymous_0)
DA:8,6
DA:13,25
DA:16,25
DA:18,25
DA:20,25
DA:22,25
DA:23,25
DA:26,25
DA:32,25
DA:33,10
DA:37,15
DA:38,10
DA:40,5
LF:13
LH:13
BRDA:22,0,0,25
BRDA:22,0,1,0
BRDA:28,1,0,25
BRDA:28,1,1,25
BRDA:32,2,0,10
BRDA:32,2,1,15
BRDA:37,3,0,10
BRDA:37,3,1,5
BRF:8
BRH:7
end_of_record
TN:
SF:C:\Users\Usuario\Proyectos\return-app-sellers\node\resolvers\orderToReturnSummary.ts
FN:11,(anonymous_0)
FN:101,(anonymous_1)
FN:159,(anonymous_2)
FNF:3
FNH:3
FNDA:20,(anonymous_0)
FNDA:4,(anonymous_1)
FNDA:4,(anonymous_2)
DA:11,5
DA:16,20
DA:29,20
DA:31,20
DA:32,20
DA:37,20
DA:38,20
DA:43,20
DA:44,8
DA:47,12
DA:48,8
DA:51,4
DA:52,4
DA:54,4
DA:59,4
DA:66,4
DA:67,4
DA:70,4
DA:82,4
DA:101,5
DA:110,4
DA:112,4
DA:119,4
DA:120,0
DA:121,0
DA:129,4
DA:134,4
DA:135,4
DA:136,4
DA:146,4
DA:147,0
DA:148,0
DA:159,5
DA:165,4
DA:170,4
DA:176,4
LF:36
LH:32
BRDA:32,0,0,0
BRDA:32,0,1,20
BRDA:37,1,0,20
BRDA:37,1,1,20
BRDA:43,2,0,8
BRDA:43,2,1,12
BRDA:47,3,0,8
BRDA:47,3,1,4
BRDA:66,4,0,4
BRDA:66,4,1,0
BRDA:75,5,0,4
BRDA:75,5,1,4
BRDA:85,6,0,0
BRDA:85,6,1,4
BRDA:119,7,0,0
BRDA:119,7,1,4
BRDA:134,8,0,4
BRDA:134,8,1,0
BRDA:146,9,0,0
BRDA:146,9,1,4
BRF:20
BRH:14
end_of_record
TN:
SF:C:\Users\Usuario\Proyectos\return-app-sellers\node\resolvers\ordersAvailableToGoodwill.ts
FN:11,pacer
FN:12,(anonymous_1)
FN:13,(anonymous_2)
FN:19,(anonymous_3)
FN:74,(anonymous_4)
FNF:5
FNH:5
FNDA:1,pacer
FNDA:1,(anonymous_1)
FNDA:1,(anonymous_2)
FNDA:1,(anonymous_3)
FNDA:2,(anonymous_4)
DA:9,2
DA:12,1
DA:13,1
DA:14,1
DA:19,2
DA:36,1
DA:37,1
DA:41,1
DA:42,1
DA:43,1
DA:44,1
DA:45,1
DA:50,1
DA:51,0
DA:61,1
DA:74,2
DA:88,2
DA:90,2
DA:92,2
DA:94,2
DA:96,2
DA:97,2
DA:100,2
DA:106,2
DA:107,1
DA:110,1
DA:112,1
DA:114,1
DA:116,1
DA:117,0
DA:121,1
DA:125,1
DA:127,1
DA:129,1
DA:130,1
DA:131,1
DA:138,1
DA:141,1
DA:143,1
DA:144,1
DA:149,1
DA:151,1
LF:42
LH:40
BRDA:21,0,0,0
BRDA:24,1,0,1
BRDA:39,2,0,1
BRDA:39,2,1,1
BRDA:42,3,0,1
BRDA:42,3,1,0
BRDA:45,4,0,0
BRDA:45,4,1,1
BRDA:50,5,0,0
BRDA:50,5,1,1
BRDA:63,6,0,0
BRDA:63,6,1,1
BRDA:96,7,0,2
BRDA:96,7,1,0
BRDA:102,8,0,2
BRDA:102,8,1,2
BRDA:106,9,0,1
BRDA:106,9,1,1
BRDA:112,10,0,1
BRDA:112,10,1,0
BRDA:114,11,0,1
BRDA:114,11,1,1
BRDA:116,12,0,0
BRDA:116,12,1,1
BRDA:146,13,0,1
BRDA:146,13,1,1
BRDA:155,14,0,1
BRDA:155,14,1,0
BRF:28
BRH:19
end_of_record
TN:
SF:C:\Users\Usuario\Proyectos\return-app-sellers\node\resolvers\ordersAvailableToReturn.ts
FN:14,pacer
FN:15,(anonymous_1)
FN:16,(anonymous_2)
FN:22,createParams
FN:85,(anonymous_4)
FN:137,(anonymous_5)
FN:145,(anonymous_6)
FNF:7
FNH:7
FNDA:16,pacer
FNDA:16,(anonymous_1)
FNDA:16,(anonymous_2)
FNDA:8,createParams
FNDA:24,(anonymous_4)
FNDA:16,(anonymous_5)
FNDA:16,(anonymous_6)
DA:12,9
DA:15,16
DA:16,16
DA:17,16
DA:39,8
DA:40,8
DA:41,8
DA:46,8
DA:47,8
DA:48,8
DA:49,8
DA:72,0
DA:85,9
DA:101,24
DA:103,24
DA:105,24
DA:106,24
DA:108,24
DA:109,0
DA:112,24
DA:118,24
DA:119,8
DA:123,16
DA:125,16
DA:126,16
DA:128,16
DA:129,8
DA:133,8
DA:137,8
DA:138,16
DA:139,16
DA:142,8
DA:144,8
DA:146,16
DA:165,8
DA:167,8
LF:36
LH:34
BRDA:24,0,0,0
BRDA:27,1,0,0
BRDA:43,2,0,8
BRDA:43,2,1,0
BRDA:46,3,0,8
BRDA:46,3,1,0
BRDA:48,4,0,8
BRDA:48,4,1,8
BRDA:49,5,0,0
BRDA:49,5,1,8
BRDA:52,6,0,0
BRDA:52,6,1,0
BRDA:62,7,0,8
BRDA:62,7,1,0
BRDA:74,8,0,0
BRDA:74,8,1,0
BRDA:108,9,0,0
BRDA:108,9,1,24
BRDA:114,10,0,24
BRDA:114,10,1,0
BRDA:118,11,0,8
BRDA:118,11,1,16
BRDA:125,12,0,16
BRDA:125,12,1,8
BRDA:126,13,0,16
BRDA:126,13,1,8
BRDA:128,14,0,8
BRDA:128,14,1,8
BRDA:149,15,0,16
BRDA:149,15,1,0
BRDA:171,16,0,8
BRDA:171,16,1,0
BRF:32
BRH:18
end_of_record
TN:
SF:C:\Users\Usuario\Proyectos\return-app-sellers\node\resolvers\returnRequest.ts
FN:5,(anonymous_0)
FNF:1
FNH:1
FNDA:2,(anonymous_0)
DA:5,2
DA:10,2
LF:2
LH:2
BRF:0
BRH:0
end_of_record
TN:
SF:C:\Users\Usuario\Proyectos\return-app-sellers\node\resolvers\returnRequestList.ts
FN:4,(anonymous_0)
FNF:1
FNH:1
FNDA:2,(anonymous_0)
DA:4,2
DA:9,2
LF:2
LH:2
BRF:0
BRH:0
end_of_record
TN:
SF:C:\Users\Usuario\Proyectos\return-app-sellers\node\resolvers\updateReturnRequestStatus.ts
FN:7,(anonymous_0)
FNF:1
FNH:1
FNDA:2,(anonymous_0)
DA:7,2
DA:11,2
LF:2
LH:2
BRF:0
BRH:0
end_of_record
TN:
SF:C:\Users\Usuario\Proyectos\return-app-sellers\node\services\createReturnRequestService.ts
FN:17,(anonymous_0)
FN:192,(anonymous_1)
FN:275,(anonymous_2)
FN:278,(anonymous_3)
FN:309,(anonymous_4)
FNF:5
FNH:5
FNDA:4,(anonymous_0)
FNDA:3,(anonymous_1)
FNDA:1,(anonymous_2)
FNDA:1,(anonymous_3)
FNDA:9,(anonymous_4)
DA:17,2
DA:34,4
DA:45,4
DA:47,4
DA:48,4
DA:52,4
DA:53,1
DA:57,3
DA:58,0
DA:60,3
DA:62,3
DA:64,3
DA:65,3
DA:67,3
DA:68,3
DA:69,3
DA:72,3
DA:78,3
DA:80,3
DA:86,3
DA:93,3
DA:98,3
DA:99,1
DA:103,2
DA:117,2
DA:118,2
DA:119,2
DA:129,2
DA:137,2
DA:145,2
DA:157,2
DA:160,1
DA:163,1
DA:169,1
DA:173,1
DA:175,1
DA:184,1
DA:190,1
DA:192,3
DA:196,1
DA:209,1
DA:210,1
DA:222,1
DA:225,1
DA:228,1
DA:232,1
DA:235,1
DA:239,1
DA:240,1
DA:275,1
DA:278,1
DA:283,1
DA:288,1
DA:290,1
DA:292,0
DA:294,0
DA:305,0
DA:309,2
DA:313,9
DA:315,9
DA:319,9
DA:321,9
DA:322,2
DA:326,7
LF:64
LH:60
BRDA:52,0,0,1
BRDA:52,0,1,3
BRDA:57,1,0,0
BRDA:57,1,1,3
BRDA:67,2,0,3
BRDA:67,2,1,0
BRDA:78,3,0,3
BRDA:78,3,1,3
BRDA:98,4,0,1
BRDA:98,4,1,2
BRDA:118,5,0,2
BRDA:118,5,1,0
BRDA:119,6,0,2
BRDA:119,6,1,2
BRDA:151,7,0,2
BRDA:151,7,1,0
BRDA:196,8,0,0
BRDA:196,8,1,1
BRDA:209,9,0,1
BRDA:209,9,1,0
BRDA:228,10,0,1
BRDA:228,10,1,0
BRDA:235,11,0,0
BRDA:235,11,1,1
BRDA:294,12,0,0
BRDA:294,12,1,0
BRDA:305,13,0,0
BRDA:305,13,1,0
BRDA:313,14,0,9
BRDA:313,14,1,1
BRDA:315,15,0,0
BRDA:315,15,1,9
BRDA:315,16,0,9
BRDA:315,16,1,9
BRDA:319,17,0,9
BRDA:319,17,1,4
BRDA:321,18,0,2
BRDA:321,18,1,7
BRF:38
BRH:25
end_of_record
TN:
SF:C:\Users\Usuario\Proyectos\return-app-sellers\node\services\returnRequestListService.ts
FN:5,(anonymous_0)
FNF:1
FNH:1
FNDA:3,(anonymous_0)
DA:5,3
DA:13,3
DA:15,3
DA:20,3
DA:22,3
DA:24,3
DA:29,3
DA:30,3
DA:35,3
DA:39,3
DA:41,3
DA:43,3
DA:47,3
DA:51,3
DA:53,3
DA:54,3
DA:56,3
DA:57,3
DA:60,3
DA:64,3
DA:80,3
DA:82,3
DA:84,3
LF:23
LH:23
BRDA:20,0,0,3
BRDA:20,0,1,0
BRDA:22,1,0,3
BRDA:22,1,1,2
BRDA:24,2,0,3
BRDA:24,2,1,1
BRDA:29,3,0,2
BRDA:29,3,1,1
BRDA:29,4,0,2
BRDA:29,4,1,2
BRDA:30,5,0,2
BRDA:30,5,1,1
BRDA:31,6,0,2
BRDA:31,6,1,2
BRDA:39,7,0,3
BRDA:39,7,1,2
BRDA:39,7,2,0
BRDA:41,8,0,3
BRDA:41,8,1,0
BRDA:43,9,0,0
BRDA:43,9,1,3
BRDA:43,10,0,3
BRDA:43,10,1,3
BRDA:47,11,0,3
BRDA:47,11,1,0
BRDA:56,12,0,3
BRDA:56,12,1,0
BRDA:60,13,0,1
BRDA:60,13,1,2
BRDA:67,14,0,1
BRDA:67,14,1,2
BRDA:67,15,0,3
BRDA:67,15,1,1
BRDA:78,16,0,3
BRDA:78,16,1,3
BRF:35
BRH:29
end_of_record
TN:
SF:C:\Users\Usuario\Proyectos\return-app-sellers\node\services\returnRequestService.ts
FN:6,(anonymous_0)
FNF:1
FNH:1
FNDA:7,(anonymous_0)
DA:6,3
DA:11,7
DA:12,7
DA:13,7
DA:14,7
DA:16,7
DA:17,7
DA:19,7
DA:20,7
DA:23,7
DA:30,7
DA:32,7
DA:34,3
DA:37,4
DA:39,4
DA:41,4
DA:45,4
LF:17
LH:17
BRDA:12,0,0,7
BRDA:12,0,1,0
BRDA:13,1,0,7
BRDA:13,1,1,5
BRDA:19,2,0,7
BRDA:19,2,1,0
BRDA:26,3,0,7
BRDA:26,3,1,7
BRDA:32,4,0,3
BRDA:32,4,1,4
BRDA:41,5,0,1
BRDA:41,5,1,3
BRDA:41,6,0,4
BRDA:41,6,1,4
BRF:14
BRH:12
end_of_record
TN:
SF:C:\Users\Usuario\Proyectos\return-app-sellers\node\services\updateRequestStatusService.ts
FN:10,(anonymous_0)
FNF:1
FNH:1
FNDA:2,(anonymous_0)
DA:10,2
DA:16,2
DA:18,2
DA:20,2
DA:22,2
DA:24,2
DA:28,2
DA:30,2
DA:31,2
DA:34,2
DA:35,2
DA:43,0
DA:45,0
DA:56,0
DA:59,2
LF:15
LH:12
BRDA:30,0,0,2
BRDA:30,0,1,0
BRDA:39,1,0,2
BRDA:39,1,1,2
BRDA:45,2,0,0
BRDA:45,2,1,0
BRDA:56,3,0,0
BRDA:56,3,1,0
BRF:8
BRH:3
end_of_record
TN:
SF:C:\Users\Usuario\Proyectos\return-app-sellers\node\services\goodwill\createGoodwillService.ts
FN:11,(anonymous_0)
FNF:1
FNH:1
FNDA:2,(anonymous_0)
DA:5,2
DA:11,2
DA:22,2
DA:24,2
DA:25,2
DA:27,2
DA:28,2
DA:32,2
DA:34,2
DA:36,2
DA:45,2
DA:47,2
DA:48,2
DA:57,2
DA:59,1
DA:70,1
DA:71,1
DA:78,1
DA:81,1
DA:93,1
LF:20
LH:20
BRDA:27,0,0,2
BRDA:27,0,1,0
BRDA:32,1,0,2
BRDA:32,1,1,2
BRDA:61,2,0,1
BRDA:61,2,1,1
BRDA:66,3,0,1
BRDA:66,3,1,1
BRDA:72,4,0,1
BRDA:72,4,1,1
BRDA:72,4,2,1
BRDA:72,4,3,0
BRDA:83,5,0,1
BRDA:83,5,1,1
BRF:14
BRH:12
end_of_record
TN:
SF:C:\Users\Usuario\Proyectos\return-app-sellers\node\services\goodwill\getGoodwillService.ts
FN:9,(anonymous_0)
FNF:1
FNH:1
FNDA:30,(anonymous_0)
DA:3,15
DA:9,15
DA:16,30
DA:18,30
DA:19,30
DA:21,30
DA:22,30
DA:25,30
DA:33,30
DA:35,30
LF:10
LH:10
BRDA:21,0,0,30
BRDA:21,0,1,0
BRDA:27,1,0,30
BRDA:27,1,1,30
BRF:4
BRH:3
end_of_record
TN:
SF:C:\Users\Usuario\Proyectos\return-app-sellers\node\services\invoice\createInvoiceService.ts
FN:13,(anonymous_0)
FN:44,(anonymous_1)
FN:48,(anonymous_2)
FN:50,(anonymous_3)
FN:59,(anonymous_4)
FNF:5
FNH:5
FNDA:6,(anonymous_0)
FNDA:1,(anonymous_1)
FNDA:1,(anonymous_2)
FNDA:1,(anonymous_3)
FNDA:1,(anonymous_4)
DA:7,3
DA:13,3
DA:20,6
DA:22,6
DA:23,6
DA:24,6
DA:25,6
DA:30,6
DA:31,6
DA:33,1
DA:34,1
DA:37,5
DA:38,1
DA:39,1
DA:42,4
DA:43,1
DA:44,1
DA:47,1
DA:49,1
DA:50,1
DA:54,1
DA:55,1
DA:56,1
DA:59,1
DA:67,3
DA:68,1
DA:69,1
DA:77,2
DA:78,2
DA:86,2
DA:96,2
DA:98,2
DA:100,2
LF:33
LH:33
BRDA:24,0,0,6
BRDA:24,0,1,0
BRDA:37,1,0,1
BRDA:37,1,1,4
BRDA:42,2,0,1
BRDA:42,2,1,3
BRDA:54,3,0,1
BRDA:54,3,1,0
BRDA:67,4,0,1
BRDA:67,4,1,2
BRDA:80,5,0,2
BRDA:80,5,1,2
BRF:12
BRH:10
end_of_record
TN:
SF:C:\Users\Usuario\Proyectos\return-app-sellers\node\services\summary\getSummaryService.ts
FN:9,(anonymous_0)
FNF:1
FNH:1
FNDA:4,(anonymous_0)
DA:3,7
DA:9,7
DA:12,4
DA:13,4
DA:14,4
DA:15,4
DA:16,4
DA:18,4
DA:23,4
DA:24,4
DA:26,4
LF:11
LH:11
BRDA:15,0,0,4
BRDA:15,0,1,0
BRDA:20,1,0,4
BRDA:20,1,1,4
BRF:4
BRH:3
end_of_record
TN:
SF:C:\Users\Usuario\Proyectos\return-app-sellers\node\typings\error.ts
FN:6,(anonymous_0)
FNF:1
FNH:1
FNDA:8,(anonymous_0)
DA:6,5
DA:7,8
DA:12,8
LF:3
LH:3
BRF:0
BRH:0
end_of_record
TN:
SF:C:\Users\Usuario\Proyectos\return-app-sellers\node\utils\appSettingsValidation.ts
FN:3,(anonymous_0)
FN:40,(anonymous_1)
FN:49,(anonymous_2)
FN:68,(anonymous_3)
FNF:4
FNH:4
FNDA:3,(anonymous_0)
FNDA:4,(anonymous_1)
FNDA:4,(anonymous_2)
FNDA:3,(anonymous_3)
DA:3,2
DA:10,3
DA:13,3
DA:14,2
DA:15,1
DA:20,1
DA:24,1
DA:29,1
DA:31,1
DA:32,1
DA:37,0
DA:40,2
DA:44,4
DA:46,3
DA:48,2
DA:49,4
DA:53,2
DA:54,0
DA:59,2
DA:60,3
DA:61,1
DA:68,2
DA:71,3
DA:73,2
DA:75,1
DA:76,2
DA:78,2
DA:80,0
DA:82,0
DA:83,0
DA:84,0
DA:89,0
LF:32
LH:25
BRDA:13,0,0,2
BRDA:13,0,1,1
BRDA:14,1,0,1
BRDA:14,1,1,1
BRDA:31,2,0,1
BRDA:31,2,1,0
BRDA:44,3,0,1
BRDA:44,3,1,3
BRDA:46,4,0,1
BRDA:46,4,1,2
BRDA:49,5,0,0
BRDA:49,5,1,4
BRDA:53,6,0,0
BRDA:53,6,1,2
BRDA:53,7,0,2
BRDA:53,7,1,2
BRDA:60,8,0,1
BRDA:60,8,1,2
BRDA:71,9,0,1
BRDA:71,9,1,2
BRDA:73,10,0,1
BRDA:73,10,1,1
BRDA:78,11,0,2
BRDA:78,11,1,0
BRDA:83,12,0,0
BRDA:83,12,1,0
BRF:26
BRH:20
end_of_record
TN:
SF:C:\Users\Usuario\Proyectos\return-app-sellers\node\utils\canOrderBeReturned.ts
FN:8,(anonymous_0)
FNF:1
FNH:1
FNDA:6,(anonymous_0)
DA:6,7
DA:8,7
DA:19,6
DA:20,2
DA:27,4
DA:28,0
LF:6
LH:5
BRDA:19,0,0,2
BRDA:19,0,1,4
BRDA:27,1,0,0
BRDA:27,1,1,4
BRDA:27,2,0,4
BRDA:27,2,1,3
BRF:6
BRH:5
end_of_record
TN:
SF:C:\Users\Usuario\Proyectos\return-app-sellers\node\utils\canRefundCard.ts
FN:3,(anonymous_0)
FN:6,(anonymous_1)
FN:7,(anonymous_2)
FNF:3
FNH:3
FNDA:8,(anonymous_0)
FNDA:8,(anonymous_1)
FNDA:8,(anonymous_2)
DA:3,10
DA:6,8
DA:7,8
LF:3
LH:3
BRF:0
BRH:0
end_of_record
TN:
SF:C:\Users\Usuario\Proyectos\return-app-sellers\node\utils\canReturnAllItems.ts
FN:21,(anonymous_0)
FNF:1
FNH:1
FNDA:6,(anonymous_0)
DA:21,3
DA:34,6
DA:41,6
DA:43,6
DA:44,1
DA:47,6
DA:49,6
DA:50,4
DA:56,6
DA:58,6
DA:59,10
DA:60,10
DA:61,10
DA:65,10
DA:68,6
DA:70,6
DA:71,8
DA:72,8
DA:75,8
DA:76,3
DA:80,6
DA:81,3
LF:22
LH:22
BRDA:60,0,0,10
BRDA:60,0,1,9
BRDA:61,1,0,1
BRDA:61,1,1,9
BRDA:63,2,0,9
BRDA:63,2,1,6
BRDA:75,3,0,3
BRDA:75,3,1,5
BRDA:75,4,0,8
BRDA:75,4,1,5
BRDA:80,5,0,3
BRDA:80,5,1,3
BRF:12
BRH:12
end_of_record
TN:
SF:C:\Users\Usuario\Proyectos\return-app-sellers\node\utils\constants.ts
FN:11,(anonymous_0)
FN:22,(anonymous_1)
FN:25,(anonymous_2)
FN:29,(anonymous_3)
FN:32,(anonymous_4)
FNF:5
FNH:5
FNDA:1,(anonymous_0)
FNDA:1,(anonymous_1)
FNDA:1,(anonymous_2)
FNDA:1,(anonymous_3)
FNDA:1,(anonymous_4)
DA:7,15
DA:8,15
DA:9,15
DA:11,15
DA:12,1
DA:17,15
DA:22,15
DA:24,1
DA:25,15
DA:27,1
DA:29,15
DA:31,1
DA:32,15
DA:34,1
LF:14
LH:14
BRDA:23,0,0,0
BRDA:26,1,0,0
BRDA:30,2,0,0
BRDA:33,3,0,0
BRF:4
BRH:0
end_of_record
TN:
SF:C:\Users\Usuario\Proyectos\return-app-sellers\node\utils\createItemsToReturn.ts
FN:23,(anonymous_0)
FN:36,(anonymous_1)
FN:42,(anonymous_2)
FN:54,(anonymous_3)
FN:72,(anonymous_4)
FN:96,(anonymous_5)
FN:100,(anonymous_6)
FNF:7
FNH:6
FNDA:10,(anonymous_0)
FNDA:7,(anonymous_1)
FNDA:6,(anonymous_2)
FNDA:5,(anonymous_3)
FNDA:6,(anonymous_4)
FNDA:5,(anonymous_5)
FNDA:0,(anonymous_6)
DA:23,3
DA:34,10
DA:36,5
DA:37,7
DA:40,5
DA:42,3
DA:43,6
DA:46,6
DA:48,6
DA:51,3
DA:54,3
DA:71,5
DA:73,6
DA:75,6
DA:76,1
DA:93,5
DA:96,5
DA:99,5
DA:100,0
DA:103,5
LF:20
LH:19
BRDA:34,0,0,5
BRDA:34,0,1,5
BRDA:40,1,0,2
BRDA:40,1,1,3
BRDA:46,2,0,3
BRDA:46,2,1,3
BRDA:75,3,0,1
BRDA:75,3,1,5
BRDA:96,4,0,5
BRDA:96,4,1,1
BRDA:99,5,0,5
BRDA:99,5,1,0
BRDA:99,5,2,0
BRDA:119,6,0,5
BRDA:119,6,1,0
BRDA:122,7,0,4
BRDA:122,7,1,1
BRF:17
BRH:14
end_of_record
TN:
SF:C:\Users\Usuario\Proyectos\return-app-sellers\node\utils\createOrdersToReturnSummary.ts
FN:29,(anonymous_0)
FN:75,(anonymous_1)
FN:119,(anonymous_2)
FN:172,(anonymous_3)
FNF:4
FNH:3
FNDA:10,(anonymous_0)
FNDA:10,(anonymous_1)
FNDA:0,(anonymous_2)
FNDA:6,(anonymous_3)
DA:29,11
DA:40,10
DA:42,10
DA:47,10
DA:53,10
DA:55,10
DA:57,10
DA:58,3
DA:68,10
DA:74,10
DA:76,10
DA:83,10
DA:86,10
DA:89,10
DA:92,10
DA:94,10
DA:95,10
DA:96,10
DA:99,10
DA:106,8
DA:109,8
DA:118,8
DA:119,8
DA:120,0
DA:124,8
DA:125,0
DA:135,8
DA:136,8
DA:138,8
DA:140,8
DA:141,0
DA:148,10
DA:172,11
DA:177,6
DA:178,6
DA:180,5
DA:185,5
DA:193,5
DA:194,1
DA:197,5
DA:198,1
DA:200,1
DA:202,1
DA:207,1
DA:211,1
LF:45
LH:42
BRDA:57,0,0,3
BRDA:57,0,1,7
BRDA:124,1,0,0
BRDA:124,1,1,8
BRDA:135,2,0,8
BRDA:135,2,1,8
BRDA:136,3,0,8
BRDA:136,3,1,8
BRDA:140,4,0,0
BRDA:140,4,1,8
BRDA:180,5,0,5
BRDA:180,5,1,0
BRDA:185,6,0,5
BRDA:185,6,1,4
BRDA:193,7,0,1
BRDA:193,7,1,4
BRDA:197,8,0,5
BRDA:197,8,1,1
BRDA:200,9,0,0
BRDA:200,9,1,1
BRDA:200,10,0,1
BRDA:200,10,1,1
BRF:22
BRH:18
end_of_record
TN:
SF:C:\Users\Usuario\Proyectos\return-app-sellers\node\utils\createRefundableTotals.ts
FN:4,(anonymous_0)
FN:10,(anonymous_1)
FN:12,(anonymous_2)
FN:14,(anonymous_3)
FN:17,(anonymous_4)
FN:26,(anonymous_5)
FNF:6
FNH:6
FNDA:7,(anonymous_0)
FNDA:13,(anonymous_1)
FNDA:6,(anonymous_2)
FNDA:17,(anonymous_3)
FNDA:11,(anonymous_4)
FNDA:11,(anonymous_5)
DA:4,3
DA:10,13
DA:12,7
DA:14,17
DA:17,7
DA:18,11
DA:20,11
DA:23,7
DA:26,7
DA:27,11
DA:29,11
DA:32,7
DA:34,7
DA:37,7
DA:40,7
DA:46,7
DA:50,7
DA:52,7
LF:18
LH:18
BRDA:10,0,0,7
BRDA:10,0,1,1
BRDA:12,1,0,7
BRDA:12,1,1,1
BRDA:14,2,0,7
BRDA:14,2,1,1
BRDA:17,3,0,7
BRDA:17,3,1,0
BRDA:20,4,0,11
BRDA:20,4,1,0
BRDA:20,5,0,11
BRDA:20,5,1,0
BRDA:26,6,0,7
BRDA:26,6,1,0
BRDA:29,7,0,11
BRDA:29,7,1,0
BRDA:29,8,0,11
BRDA:29,8,1,0
BRDA:40,9,0,2
BRDA:40,9,1,5
BRDA:46,10,0,5
BRDA:46,10,1,2
BRF:22
BRH:16
end_of_record
TN:
SF:C:\Users\Usuario\Proyectos\return-app-sellers\node\utils\dateHelpers.ts
FN:1,(anonymous_0)
FN:3,(anonymous_1)
FN:12,(anonymous_2)
FNF:3
FNH:3
FNDA:15,(anonymous_0)
FNDA:15,(anonymous_1)
FNDA:6,(anonymous_2)
DA:1,15
DA:3,14
DA:4,15
DA:6,15
DA:7,15
DA:9,15
DA:12,14
DA:16,6
DA:18,6
DA:20,6
LF:10
LH:10
BRF:0
BRH:0
end_of_record
TN:
SF:C:\Users\Usuario\Proyectos\return-app-sellers\node\utils\getCostumerEmail.ts
FN:11,(anonymous_0)
FNF:1
FNH:1
FNDA:5,(anonymous_0)
DA:11,7
DA:32,5
DA:34,2
DA:44,2
LF:4
LH:4
BRDA:32,0,0,3
BRDA:32,0,1,2
BRDA:32,1,0,3
BRDA:32,1,1,2
BRF:4
BRH:4
end_of_record
TN:
SF:C:\Users\Usuario\Proyectos\return-app-sellers\node\utils\getInvoicedItems.ts
FN:5,(anonymous_0)
FN:9,(anonymous_1)
FN:12,(anonymous_2)
FN:15,(anonymous_3)
FNF:4
FNH:4
FNDA:16,(anonymous_0)
FNDA:16,(anonymous_1)
FNDA:8,(anonymous_2)
FNDA:8,(anonymous_3)
DA:5,10
DA:9,16
DA:11,16
DA:12,8
DA:15,16
DA:16,8
DA:19,16
LF:7
LH:7
BRF:0
BRH:0
end_of_record
TN:
SF:C:\Users\Usuario\Proyectos\return-app-sellers\node\utils\isUserAllowed.ts
FN:4,(anonymous_0)
FNF:1
FNH:1
FNDA:5,(anonymous_0)
DA:4,6
DA:14,5
DA:17,4
DA:18,1
DA:21,3
DA:22,3
DA:24,3
DA:25,3
DA:28,3
DA:29,1
LF:10
LH:10
BRDA:14,0,0,1
BRDA:14,0,1,4
BRDA:17,1,0,1
BRDA:17,1,1,3
BRDA:28,2,0,1
BRDA:28,2,1,2
BRDA:28,3,0,3
BRDA:28,3,1,3
BRF:8
BRH:8
end_of_record
TN:
SF:C:\Users\Usuario\Proyectos\return-app-sellers\node\utils\isValidIBANNumber.ts
FN:1,mod97
FN:13,isValidIBANNumber
FN:110,(anonymous_2)
FNF:3
FNH:3
FNDA:5,mod97
FNDA:7,isValidIBANNumber
FNDA:26,(anonymous_2)
DA:2,5
DA:5,5
DA:6,20
DA:7,20
DA:10,5
DA:18,7
DA:98,7
DA:102,7
DA:103,7
DA:105,7
DA:106,5
DA:107,0
DA:109,5
DA:110,5
DA:111,26
DA:113,26
DA:116,5
DA:118,2
LF:18
LH:17
BRDA:103,0,0,5
BRDA:103,0,1,2
BRDA:105,1,0,5
BRDA:105,1,1,2
BRDA:106,2,0,0
BRDA:106,2,1,5
BRDA:106,3,0,5
BRDA:106,3,1,5
BRF:8
BRH:7
end_of_record
TN:
SF:C:\Users\Usuario\Proyectos\return-app-sellers\node\utils\mapItemIndexAndQuantity.ts
FN:3,(anonymous_0)
FNF:1
FNH:1
FNDA:29,(anonymous_0)
DA:3,11
DA:8,29
DA:10,29
DA:11,19
DA:13,19
DA:14,3
DA:16,3
DA:18,16
DA:22,29
LF:9
LH:9
BRDA:13,0,0,3
BRDA:13,0,1,16
BRF:2
BRH:2
end_of_record
TN:
SF:C:\Users\Usuario\Proyectos\return-app-sellers\node\utils\transformOrderClientProfileData.ts
FN:4,(anonymous_0)
FNF:1
FNH:1
FNDA:8,(anonymous_0)
DA:4,10
DA:8,8
LF:2
LH:2
BRF:0
BRH:0
end_of_record
TN:
SF:C:\Users\Usuario\Proyectos\return-app-sellers\node\utils\transformShippingData.ts
FN:4,(anonymous_0)
FNF:1
FNH:1
FNDA:8,(anonymous_0)
DA:4,10
DA:7,8
DA:9,8
DA:16,8
DA:18,8
LF:5
LH:5
BRDA:9,0,0,8
BRDA:9,0,1,0
BRDA:16,1,0,0
BRDA:16,1,1,8
BRDA:19,2,0,8
BRDA:19,2,1,0
BRDA:22,3,0,8
BRDA:22,3,1,0
BRF:8
BRH:4
end_of_record
TN:
SF:C:\Users\Usuario\Proyectos\return-app-sellers\node\utils\translateItems.ts
FN:8,(anonymous_0)
FN:33,handleTranlateItems
FN:40,(anonymous_2)
FNF:3
FNH:3
FNDA:14,(anonymous_0)
FNDA:9,handleTranlateItems
FNDA:10,(anonymous_2)
DA:8,12
DA:15,14
DA:18,14
DA:19,3
DA:21,11
DA:24,13
DA:26,13
DA:28,1
DA:29,1
DA:39,9
DA:41,10
LF:11
LH:11
BRDA:18,0,0,3
BRDA:18,0,1,11
BRDA:24,1,0,13
BRDA:24,1,1,9
BRDA:26,2,0,9
BRDA:26,2,1,4
BRF:6
BRH:6
end_of_record
TN:
SF:C:\Users\Usuario\Proyectos\return-app-sellers\node\utils\validateCanUseDropoffPoints.ts
FN:4,(anonymous_0)
FNF:1
FNH:1
FNDA:8,(anonymous_0)
DA:4,3
DA:8,8
DA:9,1
DA:12,7
DA:14,7
DA:15,2
LF:6
LH:6
BRDA:8,0,0,1
BRDA:8,0,1,7
BRDA:14,1,0,2
BRDA:14,1,1,5
BRDA:14,2,0,7
BRDA:14,2,1,4
BRF:6
BRH:6
end_of_record
TN:
SF:C:\Users\Usuario\Proyectos\return-app-sellers\node\utils\validateItemCondition.ts
FN:4,(anonymous_0)
FN:9,(anonymous_1)
FNF:2
FNH:2
FNDA:5,(anonymous_0)
FNDA:4,(anonymous_1)
DA:4,3
DA:8,5
DA:10,4
DA:11,1
LF:4
LH:4
BRDA:8,0,0,5
BRDA:8,0,1,2
BRDA:10,1,0,1
BRDA:10,1,1,3
BRDA:10,2,0,4
BRDA:10,2,1,3
BRF:6
BRH:6
end_of_record
TN:
SF:C:\Users\Usuario\Proyectos\return-app-sellers\node\utils\validatePaymentMethod.ts
FN:7,(anonymous_0)
FNF:1
FNH:1
FNDA:8,(anonymous_0)
DA:7,3
DA:15,8
DA:17,8
DA:20,8
DA:24,1
DA:30,7
DA:31,1
DA:32,1
DA:39,0
DA:43,6
DA:44,0
DA:51,6
DA:52,6
DA:53,2
DA:56,4
DA:57,1
DA:60,3
DA:61,1
LF:18
LH:16
BRDA:20,0,0,1
BRDA:20,0,1,7
BRDA:21,1,0,8
BRDA:21,1,1,1
BRDA:30,2,0,1
BRDA:30,2,1,6
BRDA:31,3,0,1
BRDA:31,3,1,0
BRDA:43,4,0,0
BRDA:43,4,1,6
BRDA:51,5,0,6
BRDA:51,5,1,0
BRDA:52,6,0,2
BRDA:52,6,1,4
BRDA:56,7,0,1
BRDA:56,7,1,3
BRDA:60,8,0,1
BRDA:60,8,1,2
BRF:18
BRH:15
end_of_record
TN:
SF:C:\Users\Usuario\Proyectos\return-app-sellers\node\utils\validateReturnReason.ts
FN:8,(anonymous_0)
FN:13,(anonymous_1)
FNF:2
FNH:2
FNDA:7,(anonymous_0)
FNDA:7,(anonymous_1)
DA:8,3
DA:13,7
DA:14,7
DA:15,2
DA:21,5
DA:22,2
DA:25,3
DA:27,3
DA:28,3
DA:30,3
DA:32,3
DA:33,3
DA:37,3
DA:41,3
DA:43,3
DA:44,0
DA:47,3
DA:49,3
DA:50,1
DA:56,2
DA:57,1
LF:21
LH:20
BRDA:14,0,0,2
BRDA:14,0,1,5
BRDA:21,1,0,2
BRDA:21,1,1,3
BRDA:21,2,0,5
BRDA:21,2,1,3
BRDA:32,3,0,3
BRDA:32,3,1,0
BRDA:43,4,0,0
BRDA:43,4,1,3
BRDA:49,5,0,1
BRDA:49,5,1,2
BRDA:56,6,0,1
BRDA:56,6,1,1
BRF:14
BRH:12
end_of_record
